Removed Pin From Net: NetName=3.3V Pin=C34-1
Removed Pin From Net: NetName=GND Pin=C34-2
Removed Pin From Net: NetName=GND Pin=U6-7
Removed Member From Class: ClassName=LTE module Member=C34
Change Component Footprint: Designator=L2 Old Footprint=0402-A New Footprint=0603-FerritBead
Change Component Footprint: Designator=L3 Old Footprint=0402-A New Footprint=Inductor 4U7H
Change Component Footprint: Designator=L1 Old Footprint=INDC4532 New Footprint=Inductor 470NH
Change Component Footprint: Designator=R5 Old Footprint=SMD-0603-RES New Footprint=0603-RES
Change Component Footprint: Designator=R6 Old Footprint=SMD-0603-RES New Footprint=0603-RES
Change Component Footprint: Designator=R7 Old Footprint=SMD-0603-RES New Footprint=0603-RES
Change Component Footprint: Designator=R8 Old Footprint=SMD-0603-RES New Footprint=0603-RES
Change Component Footprint: Designator=R9 Old Footprint=SMD-0603-RES New Footprint=0603-RES
Change Component Footprint: Designator=R10 Old Footprint=SMD-0603-RES New Footprint=0603-RES
Change Component Footprint: Designator=R15 Old Footprint=SMD-0603-RES New Footprint=0603-RES
Change Component Footprint: Designator=R16 Old Footprint=SMD-0603-RES New Footprint=0603-RES
Change Component Footprint: Designator=R17 Old Footprint=SMD-0603-RES New Footprint=0603-RES
Change Component Footprint: Designator=R18 Old Footprint=SMD-0603-RES New Footprint=0603-RES
Change Component Footprint: Designator=R19 Old Footprint=SMD-0603-RES New Footprint=0603-RES
Change Component Footprint: Designator=R20 Old Footprint=SMD-0603-RES New Footprint=0603-RES
Change Component Footprint: Designator=C7 Old Footprint=SMD-0603C New Footprint=0603-CAP
Change Component Footprint: Designator=C8 Old Footprint=SMD-0603C New Footprint=0603-CAP
Change Component Footprint: Designator=R14 Old Footprint=SMD-0603C New Footprint=0603-RES
Change Component Footprint: Designator=R3 Old Footprint=SMD-0805-RES New Footprint=0603-RES
Change Component Footprint: Designator=R1 Old Footprint=SMD-0805-RES New Footprint=0805-RES
Change Component Footprint: Designator=R2 Old Footprint=SMD-0805-RES New Footprint=0805-RES
Change Component Footprint: Designator=R11 Old Footprint=SMD-0805-RES New Footprint=0805-RES
Change Component Footprint: Designator=R12 Old Footprint=SMD-0805-RES New Footprint=0805-RES
Change Component Footprint: Designator=R13 Old Footprint=SMD-0805-RES New Footprint=0805-RES
Change Component Footprint: Designator=C11 Old Footprint=SMD-0805C New Footprint=0603-CAP
Change Component Footprint: Designator=C12 Old Footprint=SMD-0805C New Footprint=0603-CAP
Change Component Footprint: Designator=C13 Old Footprint=SMD-0805C New Footprint=0603-CAP
Change Component Footprint: Designator=C14 Old Footprint=SMD-0805C New Footprint=0603-CAP
Change Component Footprint: Designator=C15 Old Footprint=SMD-0805C New Footprint=0603-CAP
Change Component Footprint: Designator=C16 Old Footprint=SMD-0805C New Footprint=0603-CAP
Change Component Footprint: Designator=C17 Old Footprint=SMD-0805C New Footprint=0603-CAP
Change Component Footprint: Designator=C18 Old Footprint=SMD-0805C New Footprint=0603-CAP
Change Component Footprint: Designator=C19 Old Footprint=SMD-0805C New Footprint=0603-CAP
Change Component Footprint: Designator=C20 Old Footprint=SMD-0805C New Footprint=0603-CAP
Change Component Footprint: Designator=C21 Old Footprint=SMD-0805C New Footprint=0603-CAP
Change Component Footprint: Designator=C22 Old Footprint=SMD-0805C New Footprint=0603-CAP
Change Component Footprint: Designator=C23 Old Footprint=SMD-0805C New Footprint=0603-CAP
Change Component Footprint: Designator=C24 Old Footprint=SMD-0805C New Footprint=0603-CAP
Change Component Footprint: Designator=C25 Old Footprint=SMD-0805C New Footprint=0603-CAP
Change Component Footprint: Designator=C26 Old Footprint=SMD-0805C New Footprint=0603-CAP
Change Component Footprint: Designator=C27 Old Footprint=SMD-0805C New Footprint=0603-CAP
Change Component Footprint: Designator=C28 Old Footprint=SMD-0805C New Footprint=0603-CAP
Change Component Footprint: Designator=C29 Old Footprint=SMD-0805C New Footprint=0603-CAP
Change Component Footprint: Designator=C31 Old Footprint=SMD-0805C New Footprint=0603-CAP
Change Component Footprint: Designator=C32 Old Footprint=SMD-0805C New Footprint=0603-CAP
Change Component Footprint: Designator=C33 Old Footprint=SMD-0805C New Footprint=0603-CAP
Change Component Footprint: Designator=C6 Old Footprint=SMD-0805C New Footprint=0805-CAP
Change Component Footprint: Designator=C30 Old Footprint=SMD-0805C New Footprint=1210-CAP
Change Component Footprint: Designator=C1 Old Footprint=SMD-1206C New Footprint=1206-CAP
Change Component Footprint: Designator=C2 Old Footprint=SMD-1206C New Footprint=1206-CAP
Change Component Footprint: Designator=C4 Old Footprint=SMD-1206C New Footprint=1206-CAP
Change Component Footprint: Designator=C9 Old Footprint=SMD-1210C New Footprint=1210-CAP
Change Component Footprint: Designator=C10 Old Footprint=SMD-1210C New Footprint=1210-CAP
Change Component Comment : Designator=C12 Old Comment= New Comment=0603C 1UF
Change Component Comment : Designator=C20 Old Comment= New Comment=0603C 1UF
Change Component Comment : Designator=C23 Old Comment= New Comment=0603C 1UF
Change Component Comment : Designator=C7 Old Comment= New Comment=0603C 4U7F
Change Component Comment : Designator=C22 Old Comment= New Comment=0603C 4U7F
Change Component Comment : Designator=C27 Old Comment= New Comment=0603C 4U7F
Change Component Comment : Designator=C29 Old Comment= New Comment=0603C 4U7F
Change Component Comment : Designator=C13 Old Comment= New Comment=0603C 10NF
Change Component Comment : Designator=C14 Old Comment= New Comment=0603C 10NF
Change Component Comment : Designator=C15 Old Comment= New Comment=0603C 10NF
Change Component Comment : Designator=C16 Old Comment= New Comment=0603C 10NF
Change Component Comment : Designator=C18 Old Comment= New Comment=0603C 10NF
Change Component Comment : Designator=C19 Old Comment= New Comment=0603C 10NF
Change Component Comment : Designator=C32 Old Comment= New Comment=0603C 10NF
Change Component Comment : Designator=C11 Old Comment= New Comment=0603C 10UF
Change Component Comment : Designator=C17 Old Comment= New Comment=0603C 10UF
Change Component Comment : Designator=C24 Old Comment= New Comment=0603C 10UF
Change Component Comment : Designator=C31 Old Comment= New Comment=0603C 10UF
Change Component Comment : Designator=C33 Old Comment= New Comment=0603C 68PF
Change Component Comment : Designator=C21 Old Comment= New Comment=0603C 100NF
Change Component Comment : Designator=C25 Old Comment= New Comment=0603C 100NF
Change Component Comment : Designator=C26 Old Comment= New Comment=0603C 100NF
Change Component Comment : Designator=C28 Old Comment= New Comment=0603C 100NF
Change Component Comment : Designator=C8 Old Comment= New Comment=0603C 120PF
Change Component Comment : Designator=R9 Old Comment= New Comment=0603R 1K5R
Change Component Comment : Designator=R10 Old Comment= New Comment=0603R 1K5R
Change Component Comment : Designator=R6 Old Comment= New Comment=0603R 1K07R
Change Component Comment : Designator=R3 Old Comment= New Comment=0603R 1KR
Change Component Comment : Designator=R5 Old Comment= New Comment=0603R 1KR
Change Component Comment : Designator=R14 Old Comment= New Comment=0603R 1R
Change Component Comment : Designator=R8 Old Comment= New Comment=0603R 10KR
Change Component Comment : Designator=R16 Old Comment= New Comment=0603R 10KR
Change Component Comment : Designator=R17 Old Comment= New Comment=0603R 10KR
Change Component Comment : Designator=R18 Old Comment= New Comment=0603R 10KR
Change Component Comment : Designator=R7 Old Comment= New Comment=0603R 46K4R
Change Component Comment : Designator=R19 Old Comment= New Comment=0603R 47R
Change Component Comment : Designator=R20 Old Comment= New Comment=0603R 47R
Change Component Comment : Designator=R15 Old Comment= New Comment=0603R 100R
Change Component Comment : Designator=C6 Old Comment= New Comment=0805C 10UF
Change Component Comment : Designator=R1 Old Comment= New Comment=0805R 5K1R
Change Component Comment : Designator=R2 Old Comment= New Comment=0805R 5K1R
Change Component Comment : Designator=R11 Old Comment= New Comment=0805R 100KR
Change Component Comment : Designator=R13 Old Comment= New Comment=0805R 100KR
Change Component Comment : Designator=R12 Old Comment= New Comment=0805R 453KR
Change Component Comment : Designator=C4 Old Comment= New Comment=1206C 10UF
Change Component Comment : Designator=C1 Old Comment= New Comment=1206C 100NF
Change Component Comment : Designator=C2 Old Comment= New Comment=1206C 100NF
Change Component Comment : Designator=C9 Old Comment= New Comment=1210C 22UF
Change Component Comment : Designator=C10 Old Comment= New Comment=1210C 22UF
Change Component Comment : Designator=C30 Old Comment= New Comment=1210C 100UF
Change Component Comment : Designator=L3 Old Comment=Inductor New Comment=Inductor 4U7H
Change Component Comment : Designator=L1 Old Comment=Inductor New Comment=Inductor 470NH
Change component parameters: Designator = "C11"; Footprint = "0603-CAP"; UniqueID = "\KKRQEXHJ\MFILJWLW"
Change component parameters. Clean all parameters for all variants
Change component parameters (AddParameter): Name = "Supplier 1"; Value = "Digi-Key"; VariantName = "[No Variations]"
Change component parameters (AddParameter): Name = "Supplier Part Number 1"; Value = "490-10474-1-ND"; VariantName = "[No Variations]"
Change component parameters (AddParameter): Name = "Value"; Value = "10uF"; VariantName = "[No Variations]"
Change component parameters: Designator = "C12"; Footprint = "0603-CAP"; UniqueID = "\KKRQEXHJ\UIEIGTSF"
Change component parameters. Clean all parameters for all variants
Change component parameters (AddParameter): Name = "Supplier 1"; Value = "Digi-Key"; VariantName = "[No Variations]"
Change component parameters (AddParameter): Name = "Supplier Part Number 1"; Value = "490-6408-1-ND"; VariantName = "[No Variations]"
Change component parameters (AddParameter): Name = "Value"; Value = "1uF"; VariantName = "[No Variations]"
Change component parameters: Designator = "C13"; Footprint = "0603-CAP"; UniqueID = "\KKRQEXHJ\LKJQNERP"
Change component parameters. Clean all parameters for all variants
Change component parameters (AddParameter): Name = "Supplier 1"; Value = "Digi-Key"; VariantName = "[No Variations]"
Change component parameters (AddParameter): Name = "Supplier Part Number 1"; Value = "490-8028-1-ND"; VariantName = "[No Variations]"
Change component parameters (AddParameter): Name = "Value"; Value = "10nF"; VariantName = "[No Variations]"
Change component parameters: Designator = "C14"; Footprint = "0603-CAP"; UniqueID = "\KKRQEXHJ\FQOUWPBR"
Change component parameters. Clean all parameters for all variants
Change component parameters (AddParameter): Name = "Supplier 1"; Value = "Digi-Key"; VariantName = "[No Variations]"
Change component parameters (AddParameter): Name = "Supplier Part Number 1"; Value = "490-8028-1-ND"; VariantName = "[No Variations]"
Change component parameters (AddParameter): Name = "Value"; Value = "10nF"; VariantName = "[No Variations]"
Change component parameters: Designator = "C15"; Footprint = "0603-CAP"; UniqueID = "\KKRQEXHJ\QKCRTFBU"
Change component parameters. Clean all parameters for all variants
Change component parameters (AddParameter): Name = "Supplier 1"; Value = "Digi-Key"; VariantName = "[No Variations]"
Change component parameters (AddParameter): Name = "Supplier Part Number 1"; Value = "490-8028-1-ND"; VariantName = "[No Variations]"
Change component parameters (AddParameter): Name = "Value"; Value = "10nF"; VariantName = "[No Variations]"
Change component parameters: Designator = "C16"; Footprint = "0603-CAP"; UniqueID = "\KKRQEXHJ\IHETICKS"
Change component parameters. Clean all parameters for all variants
Change component parameters (AddParameter): Name = "Supplier 1"; Value = "Digi-Key"; VariantName = "[No Variations]"
Change component parameters (AddParameter): Name = "Supplier Part Number 1"; Value = "490-8028-1-ND"; VariantName = "[No Variations]"
Change component parameters (AddParameter): Name = "Value"; Value = "10nF"; VariantName = "[No Variations]"
Change component parameters: Designator = "C17"; Footprint = "0603-CAP"; UniqueID = "\KKRQEXHJ\EGGMOKKS"
Change component parameters. Clean all parameters for all variants
Change component parameters (AddParameter): Name = "Supplier 1"; Value = "Digi-Key"; VariantName = "[No Variations]"
Change component parameters (AddParameter): Name = "Supplier Part Number 1"; Value = "490-10474-1-ND"; VariantName = "[No Variations]"
Change component parameters (AddParameter): Name = "Value"; Value = "10uF"; VariantName = "[No Variations]"
Change component parameters: Designator = "C18"; Footprint = "0603-CAP"; UniqueID = "\KKRQEXHJ\JHCCPJCC"
Change component parameters. Clean all parameters for all variants
Change component parameters (AddParameter): Name = "Supplier 1"; Value = "Digi-Key"; VariantName = "[No Variations]"
Change component parameters (AddParameter): Name = "Supplier Part Number 1"; Value = "490-8028-1-ND"; VariantName = "[No Variations]"
Change component parameters (AddParameter): Name = "Value"; Value = "10nF"; VariantName = "[No Variations]"
Change component parameters: Designator = "C19"; Footprint = "0603-CAP"; UniqueID = "\KKRQEXHJ\EXDWLTOQ"
Change component parameters. Clean all parameters for all variants
Change component parameters (AddParameter): Name = "Supplier 1"; Value = "Digi-Key"; VariantName = "[No Variations]"
Change component parameters (AddParameter): Name = "Supplier Part Number 1"; Value = "490-8028-1-ND"; VariantName = "[No Variations]"
Change component parameters (AddParameter): Name = "Value"; Value = "10nF"; VariantName = "[No Variations]"
Change component parameters: Designator = "C20"; Footprint = "0603-CAP"; UniqueID = "\KKRQEXHJ\KSGWOMOW"
Change component parameters. Clean all parameters for all variants
Change component parameters (AddParameter): Name = "Supplier 1"; Value = "Digi-Key"; VariantName = "[No Variations]"
Change component parameters (AddParameter): Name = "Supplier Part Number 1"; Value = "490-6408-1-ND"; VariantName = "[No Variations]"
Change component parameters (AddParameter): Name = "Value"; Value = "1uF"; VariantName = "[No Variations]"
Change component parameters: Designator = "C21"; Footprint = "0603-CAP"; UniqueID = "\KKRQEXHJ\SVOPYMLC"
Change component parameters. Clean all parameters for all variants
Change component parameters (AddParameter): Name = "Supplier 1"; Value = "Digi-Key"; VariantName = "[No Variations]"
Change component parameters (AddParameter): Name = "Supplier Part Number 1"; Value = "490-8020-1-ND"; VariantName = "[No Variations]"
Change component parameters (AddParameter): Name = "Value"; Value = "100nF"; VariantName = "[No Variations]"
Change component parameters: Designator = "C22"; Footprint = "0603-CAP"; UniqueID = "\KKRQEXHJ\BGGVRQBE"
Change component parameters. Clean all parameters for all variants
Change component parameters (AddParameter): Name = "Supplier 1"; Value = "Digi-Key"; VariantName = "[No Variations]"
Change component parameters (AddParameter): Name = "Supplier Part Number 1"; Value = "399-3482-1-ND"; VariantName = "[No Variations]"
Change component parameters (AddParameter): Name = "Value"; Value = "4.7uF"; VariantName = "[No Variations]"
Change component parameters: Designator = "C23"; Footprint = "0603-CAP"; UniqueID = "\KKRQEXHJ\QTLEGCVY"
Change component parameters. Clean all parameters for all variants
Change component parameters (AddParameter): Name = "Supplier 1"; Value = "Digi-Key"; VariantName = "[No Variations]"
Change component parameters (AddParameter): Name = "Supplier Part Number 1"; Value = "490-6408-1-ND"; VariantName = "[No Variations]"
Change component parameters (AddParameter): Name = "Value"; Value = "1uF"; VariantName = "[No Variations]"
Change component parameters: Designator = "C24"; Footprint = "0603-CAP"; UniqueID = "\KKRQEXHJ\OUBUJPPD"
Change component parameters. Clean all parameters for all variants
Change component parameters (AddParameter): Name = "Supplier 1"; Value = "Digi-Key"; VariantName = "[No Variations]"
Change component parameters (AddParameter): Name = "Supplier Part Number 1"; Value = "490-10474-1-ND"; VariantName = "[No Variations]"
Change component parameters (AddParameter): Name = "Value"; Value = "10uF"; VariantName = "[No Variations]"
Change component parameters: Designator = "C25"; Footprint = "0603-CAP"; UniqueID = "\KKRQEXHJ\DKBFYJUO"
Change component parameters. Clean all parameters for all variants
Change component parameters (AddParameter): Name = "Supplier 1"; Value = "Digi-Key"; VariantName = "[No Variations]"
Change component parameters (AddParameter): Name = "Supplier Part Number 1"; Value = "490-8020-1-ND"; VariantName = "[No Variations]"
Change component parameters (AddParameter): Name = "Value"; Value = "100nF"; VariantName = "[No Variations]"
Change component parameters: Designator = "C26"; Footprint = "0603-CAP"; UniqueID = "\LOOIIVTV\SUGOSLXH"
Change component parameters. Clean all parameters for all variants
Change component parameters (AddParameter): Name = "Supplier 1"; Value = "Digi-Key"; VariantName = "[No Variations]"
Change component parameters (AddParameter): Name = "Supplier Part Number 1"; Value = "490-8020-1-ND"; VariantName = "[No Variations]"
Change component parameters (AddParameter): Name = "Value"; Value = "100nF"; VariantName = "[No Variations]"
Change component parameters: Designator = "C27"; Footprint = "0603-CAP"; UniqueID = "\LOOIIVTV\CBNNGTPH"
Change component parameters. Clean all parameters for all variants
Change component parameters (AddParameter): Name = "Supplier 1"; Value = "Digi-Key"; VariantName = "[No Variations]"
Change component parameters (AddParameter): Name = "Supplier Part Number 1"; Value = "399-3482-1-ND"; VariantName = "[No Variations]"
Change component parameters (AddParameter): Name = "Value"; Value = "4.7uF"; VariantName = "[No Variations]"
Change component parameters: Designator = "C28"; Footprint = "0603-CAP"; UniqueID = "\LOOIIVTV\KNRPOLFH"
Change component parameters. Clean all parameters for all variants
Change component parameters (AddParameter): Name = "Supplier 1"; Value = "Digi-Key"; VariantName = "[No Variations]"
Change component parameters (AddParameter): Name = "Supplier Part Number 1"; Value = "490-8020-1-ND"; VariantName = "[No Variations]"
Change component parameters (AddParameter): Name = "Value"; Value = "100nF"; VariantName = "[No Variations]"
Change component parameters: Designator = "C29"; Footprint = "0603-CAP"; UniqueID = "\HRNQDNRE\YHYSCXTI"
Change component parameters. Clean all parameters for all variants
Change component parameters (AddParameter): Name = "Supplier 1"; Value = "Digi-Key"; VariantName = "[No Variations]"
Change component parameters (AddParameter): Name = "Supplier Part Number 1"; Value = "399-3482-1-ND"; VariantName = "[No Variations]"
Change component parameters (AddParameter): Name = "Value"; Value = "4.7uF"; VariantName = "[No Variations]"
Change component parameters: Designator = "C30"; Footprint = "1210-CAP"; UniqueID = "\RFMXKEWQ\NHMWFCFP"
Change component parameters. Clean all parameters for all variants
Change component parameters (AddParameter): Name = "Supplier 1"; Value = "Digi-Key"; VariantName = "[No Variations]"
Change component parameters (AddParameter): Name = "Supplier Part Number 1"; Value = "587-3152-6-ND"; VariantName = "[No Variations]"
Change component parameters (AddParameter): Name = "Value"; Value = "100uF"; VariantName = "[No Variations]"
Change component parameters: Designator = "C31"; Footprint = "0603-CAP"; UniqueID = "\RFMXKEWQ\LEKNXHLV"
Change component parameters. Clean all parameters for all variants
Change component parameters (AddParameter): Name = "Supplier 1"; Value = "Digi-Key"; VariantName = "[No Variations]"
Change component parameters (AddParameter): Name = "Supplier Part Number 1"; Value = "490-10474-1-ND"; VariantName = "[No Variations]"
Change component parameters (AddParameter): Name = "Value"; Value = "10uF"; VariantName = "[No Variations]"
Change component parameters: Designator = "C32"; Footprint = "0603-CAP"; UniqueID = "\RFMXKEWQ\MAHLEGGL"
Change component parameters. Clean all parameters for all variants
Change component parameters (AddParameter): Name = "Supplier 1"; Value = "Digi-Key"; VariantName = "[No Variations]"
Change component parameters (AddParameter): Name = "Supplier Part Number 1"; Value = "490-8028-1-ND"; VariantName = "[No Variations]"
Change component parameters (AddParameter): Name = "Value"; Value = "10nF"; VariantName = "[No Variations]"
Change component parameters: Designator = "C33"; Footprint = "0603-CAP"; UniqueID = "\RFMXKEWQ\QEPGDEDN"
Change component parameters. Clean all parameters for all variants
Change component parameters (AddParameter): Name = "Supplier 1"; Value = "Digi-Key"; VariantName = "[No Variations]"
Change component parameters (AddParameter): Name = "Supplier Part Number 1"; Value = "311-4039-1-ND"; VariantName = "[No Variations]"
Change component parameters (AddParameter): Name = "Value"; Value = "68pF"; VariantName = "[No Variations]"
Change component parameters: Designator = "R5"; Footprint = "0603-RES"; UniqueID = "\QYPRNQMS\CBBFGQXX"
Change component parameters. Clean all parameters for all variants
Change component parameters (AddParameter): Name = "Package"; Value = "0603"; VariantName = "[No Variations]"
Change component parameters (AddParameter): Name = "Supplier 1"; Value = "Digi-Key"; VariantName = "[No Variations]"
Change component parameters (AddParameter): Name = "Supplier Part Number 1"; Value = "311-1.00KHRDKR-ND"; VariantName = "[No Variations]"
Change component parameters (AddParameter): Name = "Value"; Value = "1kR"; VariantName = "[No Variations]"
Change component parameters: Designator = "R6"; Footprint = "0603-RES"; UniqueID = "\QYPRNQMS\LJBBOTKQ"
Change component parameters. Clean all parameters for all variants
Change component parameters (AddParameter): Name = "Package"; Value = "0603"; VariantName = "[No Variations]"
Change component parameters (AddParameter): Name = "Supplier 1"; Value = "Digi-Key"; VariantName = "[No Variations]"
Change component parameters (AddParameter): Name = "Supplier Part Number 1"; Value = "311-1.07KHRCT-ND"; VariantName = "[No Variations]"
Change component parameters (AddParameter): Name = "Value"; Value = "1.07kR"; VariantName = "[No Variations]"
Change component parameters: Designator = "R7"; Footprint = "0603-RES"; UniqueID = "\QYPRNQMS\QVMHIPEN"
Change component parameters. Clean all parameters for all variants
Change component parameters (AddParameter): Name = "Package"; Value = "0603"; VariantName = "[No Variations]"
Change component parameters (AddParameter): Name = "Supplier 1"; Value = "Digi-Key"; VariantName = "[No Variations]"
Change component parameters (AddParameter): Name = "Supplier Part Number 1"; Value = "311-46.4KHRCT-ND"; VariantName = "[No Variations]"
Change component parameters (AddParameter): Name = "Value"; Value = "46.4kR"; VariantName = "[No Variations]"
Change component parameters: Designator = "R9"; Footprint = "0603-RES"; UniqueID = "\QYPRNQMS\DOLNUPXM"
Change component parameters. Clean all parameters for all variants
Change component parameters (AddParameter): Name = "Package"; Value = "0603"; VariantName = "[No Variations]"
Change component parameters (AddParameter): Name = "Supplier 1"; Value = "Digi-Key"; VariantName = "[No Variations]"
Change component parameters (AddParameter): Name = "Supplier Part Number 1"; Value = "311-1.50KHRCT-ND"; VariantName = "[No Variations]"
Change component parameters (AddParameter): Name = "Value"; Value = "1.5kR"; VariantName = "[No Variations]"
Change component parameters: Designator = "R10"; Footprint = "0603-RES"; UniqueID = "\QYPRNQMS\EVBFJIBB"
Change component parameters. Clean all parameters for all variants
Change component parameters (AddParameter): Name = "Package"; Value = "0603"; VariantName = "[No Variations]"
Change component parameters (AddParameter): Name = "Supplier 1"; Value = "Digi-Key"; VariantName = "[No Variations]"
Change component parameters (AddParameter): Name = "Supplier Part Number 1"; Value = "311-1.50KHRCT-ND"; VariantName = "[No Variations]"
Change component parameters (AddParameter): Name = "Value"; Value = "1.5kR"; VariantName = "[No Variations]"
Change component parameters: Designator = "R14"; Footprint = "0603-RES"; UniqueID = "\KKRQEXHJ\CWHNLXGN"
Change component parameters. Clean all parameters for all variants
Change component parameters (AddParameter): Name = "Package"; Value = "0603"; VariantName = "[No Variations]"
Change component parameters (AddParameter): Name = "Supplier 1"; Value = "Digi-Key"; VariantName = "[No Variations]"
Change component parameters (AddParameter): Name = "Supplier Part Number 1"; Value = "311-0.0JRCT-ND"; VariantName = "[No Variations]"
Change component parameters (AddParameter): Name = "Value"; Value = "1R"; VariantName = "[No Variations]"
Change component parameters: Designator = "R15"; Footprint = "0603-RES"; UniqueID = "\KKRQEXHJ\JOGUAKYF"
Change component parameters. Clean all parameters for all variants
Change component parameters (AddParameter): Name = "Package"; Value = "0603"; VariantName = "[No Variations]"
Change component parameters (AddParameter): Name = "Supplier 1"; Value = "Digi-Key"; VariantName = "[No Variations]"
Change component parameters (AddParameter): Name = "Supplier Part Number 1"; Value = "311-100HRCT-ND"; VariantName = "[No Variations]"
Change component parameters (AddParameter): Name = "Value"; Value = "100R"; VariantName = "[No Variations]"
Change component parameters: Designator = "R16"; Footprint = "0603-RES"; UniqueID = "\LOOIIVTV\CARPDWQD"
Change component parameters. Clean all parameters for all variants
Change component parameters (AddParameter): Name = "Package"; Value = "0603"; VariantName = "[No Variations]"
Change component parameters (AddParameter): Name = "Supplier 1"; Value = "Digi-Key"; VariantName = "[No Variations]"
Change component parameters (AddParameter): Name = "Supplier Part Number 1"; Value = "311-10.0KHRCT-ND"; VariantName = "[No Variations]"
Change component parameters (AddParameter): Name = "Value"; Value = "10kR"; VariantName = "[No Variations]"
Change component parameters: Designator = "R17"; Footprint = "0603-RES"; UniqueID = "\LOOIIVTV\YYVCEVOS"
Change component parameters. Clean all parameters for all variants
Change component parameters (AddParameter): Name = "Package"; Value = "0603"; VariantName = "[No Variations]"
Change component parameters (AddParameter): Name = "Supplier 1"; Value = "Digi-Key"; VariantName = "[No Variations]"
Change component parameters (AddParameter): Name = "Supplier Part Number 1"; Value = "311-10.0KHRCT-ND"; VariantName = "[No Variations]"
Change component parameters (AddParameter): Name = "Value"; Value = "10kR"; VariantName = "[No Variations]"
Change component parameters: Designator = "R18"; Footprint = "0603-RES"; UniqueID = "\LOOIIVTV\RVSOVPPF"
Change component parameters. Clean all parameters for all variants
Change component parameters (AddParameter): Name = "Package"; Value = "0603"; VariantName = "[No Variations]"
Change component parameters (AddParameter): Name = "Supplier 1"; Value = "Digi-Key"; VariantName = "[No Variations]"
Change component parameters (AddParameter): Name = "Supplier Part Number 1"; Value = "311-10.0KHRCT-ND"; VariantName = "[No Variations]"
Change component parameters (AddParameter): Name = "Value"; Value = "10kR"; VariantName = "[No Variations]"
Change component parameters: Designator = "R19"; Footprint = "0603-RES"; UniqueID = "\HRNQDNRE\FLSHSVYX"
Change component parameters. Clean all parameters for all variants
Change component parameters (AddParameter): Name = "Package"; Value = "0603"; VariantName = "[No Variations]"
Change component parameters (AddParameter): Name = "Supplier 1"; Value = "Digi-Key"; VariantName = "[No Variations]"
Change component parameters (AddParameter): Name = "Supplier Part Number 1"; Value = "311-47.0HRDKR-ND"; VariantName = "[No Variations]"
Change component parameters (AddParameter): Name = "Value"; Value = "47R"; VariantName = "[No Variations]"
Change component parameters: Designator = "R20"; Footprint = "0603-RES"; UniqueID = "\HRNQDNRE\FQGNXEXQ"
Change component parameters. Clean all parameters for all variants
Change component parameters (AddParameter): Name = "Package"; Value = "0603"; VariantName = "[No Variations]"
Change component parameters (AddParameter): Name = "Supplier 1"; Value = "Digi-Key"; VariantName = "[No Variations]"
Change component parameters (AddParameter): Name = "Supplier Part Number 1"; Value = "311-47.0HRDKR-ND"; VariantName = "[No Variations]"
Change component parameters (AddParameter): Name = "Value"; Value = "47R"; VariantName = "[No Variations]"
Change component parameters: Designator = "R3"; Footprint = "0603-RES"; UniqueID = "\QYPRNQMS\GLSCWRKR"
Change component parameters. Clean all parameters for all variants
Change component parameters (AddParameter): Name = "Package"; Value = "0603"; VariantName = "[No Variations]"
Change component parameters (AddParameter): Name = "Supplier 1"; Value = "Digi-Key"; VariantName = "[No Variations]"
Change component parameters (AddParameter): Name = "Supplier Part Number 1"; Value = "311-1.00KHRDKR-ND"; VariantName = "[No Variations]"
Change component parameters (AddParameter): Name = "Value"; Value = "1kR"; VariantName = "[No Variations]"
Change component parameters: Designator = "C7"; Footprint = "0603-CAP"; UniqueID = "\QYPRNQMS\YCIDMXCH"
Change component parameters. Clean all parameters for all variants
Change component parameters (AddParameter): Name = "Supplier 1"; Value = "Digi-Key"; VariantName = "[No Variations]"
Change component parameters (AddParameter): Name = "Supplier Part Number 1"; Value = "399-3482-1-ND"; VariantName = "[No Variations]"
Change component parameters (AddParameter): Name = "Value"; Value = "4.7uF"; VariantName = "[No Variations]"
Change component parameters: Designator = "C6"; Footprint = "0805-CAP"; UniqueID = "\QYPRNQMS\XRKBLEAH"
Change component parameters. Clean all parameters for all variants
Change component parameters (AddParameter): Name = "Supplier 1"; Value = "Digi-Key"; VariantName = "[No Variations]"
Change component parameters (AddParameter): Name = "Supplier Part Number 1"; Value = "445-7617-1-ND"; VariantName = "[No Variations]"
Change component parameters (AddParameter): Name = "Value"; Value = "10uF"; VariantName = "[No Variations]"
Change component parameters: Designator = "R8"; Footprint = "0603-RES"; UniqueID = "\QYPRNQMS\GOLGFIUA"
Change component parameters. Clean all parameters for all variants
Change component parameters (AddParameter): Name = "Package"; Value = "0603"; VariantName = "[No Variations]"
Change component parameters (AddParameter): Name = "Supplier 1"; Value = "Digi-Key"; VariantName = "[No Variations]"
Change component parameters (AddParameter): Name = "Supplier Part Number 1"; Value = "311-10.0KHRCT-ND"; VariantName = "[No Variations]"
Change component parameters (AddParameter): Name = "Value"; Value = "10kR"; VariantName = "[No Variations]"
Change component parameters: Designator = "C4"; Footprint = "1206-CAP"; UniqueID = "\QYPRNQMS\GBCARIVY"
Change component parameters. Clean all parameters for all variants
Change component parameters (AddParameter): Name = "Package"; Value = "1206"; VariantName = "[No Variations]"
Change component parameters (AddParameter): Name = "Supplier 1"; Value = "Digi-Key"; VariantName = "[No Variations]"
Change component parameters (AddParameter): Name = "Supplier Part Number 1"; Value = "445-7617-1-ND"; VariantName = "[No Variations]"
Change component parameters (AddParameter): Name = "Value"; Value = "10uF"; VariantName = "[No Variations]"
Change component parameters: Designator = "C1"; Footprint = "1206-CAP"; UniqueID = "\QYPRNQMS\QVLWSBVA"
Change component parameters. Clean all parameters for all variants
Change component parameters (AddParameter): Name = "Package"; Value = "1206"; VariantName = "[No Variations]"
Change component parameters (AddParameter): Name = "Supplier 1"; Value = "Digi-Key"; VariantName = "[No Variations]"
Change component parameters (AddParameter): Name = "Supplier Part Number 1"; Value = "311-1179-6-ND"; VariantName = "[No Variations]"
Change component parameters (AddParameter): Name = "Value"; Value = "100nF"; VariantName = "[No Variations]"
Change component parameters: Designator = "C2"; Footprint = "1206-CAP"; UniqueID = "\QYPRNQMS\KWCENWHC"
Change component parameters. Clean all parameters for all variants
Change component parameters (AddParameter): Name = "Package"; Value = "1206"; VariantName = "[No Variations]"
Change component parameters (AddParameter): Name = "Supplier 1"; Value = "Digi-Key"; VariantName = "[No Variations]"
Change component parameters (AddParameter): Name = "Supplier Part Number 1"; Value = "311-1179-6-ND"; VariantName = "[No Variations]"
Change component parameters (AddParameter): Name = "Value"; Value = "100nF"; VariantName = "[No Variations]"
Change component parameters: Designator = "R12"; Footprint = "0805-RES"; UniqueID = "\QYPRNQMS\LMVXHQFN"
Change component parameters. Clean all parameters for all variants
Change component parameters (AddParameter): Name = "Supplier 1"; Value = "Digi-Key"; VariantName = "[No Variations]"
Change component parameters (AddParameter): Name = "Supplier Part Number 1"; Value = "P453KCCT-ND"; VariantName = "[No Variations]"
Change component parameters (AddParameter): Name = "Value"; Value = "453kR"; VariantName = "[No Variations]"
Change component parameters: Designator = "R13"; Footprint = "0805-RES"; UniqueID = "\QYPRNQMS\VWTCXYJL"
Change component parameters. Clean all parameters for all variants
Change component parameters (AddParameter): Name = "Supplier 1"; Value = "Digi-Key"; VariantName = "[No Variations]"
Change component parameters (AddParameter): Name = "Supplier Part Number 1"; Value = "P100KCCT-ND"; VariantName = "[No Variations]"
Change component parameters (AddParameter): Name = "Value"; Value = "100kR"; VariantName = "[No Variations]"
Change component parameters: Designator = "R1"; Footprint = "0805-RES"; UniqueID = "\QYPRNQMS\DKYUGPHN"
Change component parameters. Clean all parameters for all variants
Change component parameters (AddParameter): Name = "Supplier 1"; Value = "Digi-Key"; VariantName = "[No Variations]"
Change component parameters (AddParameter): Name = "Supplier Part Number 1"; Value = "2019-RK73H2ATTD5101FCT-ND"; VariantName = "[No Variations]"
Change component parameters (AddParameter): Name = "Value"; Value = "5.1kR"; VariantName = "[No Variations]"
Change component parameters: Designator = "R2"; Footprint = "0805-RES"; UniqueID = "\QYPRNQMS\URHVLCQD"
Change component parameters. Clean all parameters for all variants
Change component parameters (AddParameter): Name = "Supplier 1"; Value = "Digi-Key"; VariantName = "[No Variations]"
Change component parameters (AddParameter): Name = "Supplier Part Number 1"; Value = "2019-RK73H2ATTD5101FCT-ND"; VariantName = "[No Variations]"
Change component parameters (AddParameter): Name = "Value"; Value = "5.1kR"; VariantName = "[No Variations]"
Change component parameters: Designator = "C8"; Footprint = "0603-CAP"; UniqueID = "\QYPRNQMS\LNBVLCAS"
Change component parameters. Clean all parameters for all variants
Change component parameters (AddParameter): Name = "Supplier 1"; Value = "Digi-Key"; VariantName = "[No Variations]"
Change component parameters (AddParameter): Name = "Supplier Part Number 1"; Value = "490-1429-1-ND"; VariantName = "[No Variations]"
Change component parameters (AddParameter): Name = "Value"; Value = "120pF"; VariantName = "[No Variations]"
Change component parameters: Designator = "R11"; Footprint = "0805-RES"; UniqueID = "\QYPRNQMS\BXEGHFMA"
Change component parameters. Clean all parameters for all variants
Change component parameters (AddParameter): Name = "Supplier 1"; Value = "Digi-Key"; VariantName = "[No Variations]"
Change component parameters (AddParameter): Name = "Supplier Part Number 1"; Value = "P100KCCT-ND"; VariantName = "[No Variations]"
Change component parameters (AddParameter): Name = "Value"; Value = "100kR"; VariantName = "[No Variations]"
Change component parameters: Designator = "C9"; Footprint = "1210-CAP"; UniqueID = "\QYPRNQMS\XJLDIFBP"
Change component parameters. Clean all parameters for all variants
Change component parameters (AddParameter): Name = "Supplier 1"; Value = "Digi-Key"; VariantName = "[No Variations]"
Change component parameters (AddParameter): Name = "Supplier Part Number 1"; Value = "490-10560-1-ND"; VariantName = "[No Variations]"
Change component parameters (AddParameter): Name = "Value"; Value = "22uF"; VariantName = "[No Variations]"
Change component parameters: Designator = "C10"; Footprint = "1210-CAP"; UniqueID = "\QYPRNQMS\CDNFEBSK"
Change component parameters. Clean all parameters for all variants
Change component parameters (AddParameter): Name = "Supplier 1"; Value = "Digi-Key"; VariantName = "[No Variations]"
Change component parameters (AddParameter): Name = "Supplier Part Number 1"; Value = "490-10560-1-ND"; VariantName = "[No Variations]"
Change component parameters (AddParameter): Name = "Value"; Value = "22uF"; VariantName = "[No Variations]"
Change component parameters: Designator = "L1"; Footprint = "Inductor 470NH"; UniqueID = "\QYPRNQMS\PBPMFAOE"
Change component parameters. Clean all parameters for all variants
Change component parameters (AddParameter): Name = "Supplier 1"; Value = "Digi-Key"; VariantName = "[No Variations]"
Change component parameters (AddParameter): Name = "Supplier Part Number 1"; Value = "445-3878-1-ND"; VariantName = "[No Variations]"
Change component parameters (AddParameter): Name = "Value"; Value = "470nH"; VariantName = "[No Variations]"
Change component parameters: Designator = "L3"; Footprint = "Inductor 4U7H"; UniqueID = "\KKRQEXHJ\IBUVIFUK"
Change component parameters. Clean all parameters for all variants
Change component parameters (AddParameter): Name = "Supplier 1"; Value = "Digi-Key"; VariantName = "[No Variations]"
Change component parameters (AddParameter): Name = "Supplier Part Number 1"; Value = "490-15954-1-ND"; VariantName = "[No Variations]"
Change component parameters (AddParameter): Name = "Value"; Value = "4.7uH"; VariantName = "[No Variations]"
Change component parameters: Designator = "L2"; Footprint = "0603-FerritBead"; UniqueID = "\KKRQEXHJ\HIXFHCTI"
Change component parameters. Clean all parameters for all variants
Change component parameters (AddParameter): Name = "Supplier 1"; Value = "Digi-Key"; VariantName = "[No Variations]"
Change component parameters (AddParameter): Name = "Supplier Part Number 1"; Value = "732-4484-1-ND"; VariantName = "[No Variations]"
Change component parameters (AddParameter): Name = "Value"; Value = "1kR 200mA"; VariantName = "[No Variations]"
Added Pin To Net: NetName=NetR17_2 Pin=T9-1
Added Pin To Net: NetName=FALL_INT Pin=U4-46
Added Pin To Net: NetName=FALL_INT Pin=U5-11
Added Pin To Net: NetName=GND Pin=U6-21
Change Net Name : Old Net Name=NetC28_1 New Net Name=ACC_BYP
Change Net Name : Old Net Name=NetR17_2 New Net Name=ACC_SDA
