Removed Pin From Net: NetName=3.3V Pin=C30-1
Removed Pin From Net: NetName=GND Pin=C30-2
Removed Pin From Net: NetName=GND Pin=E1-1
Removed Pin From Net: NetName=V_USB Pin=E1-2
Removed Pin From Net: NetName=GND Pin=E2-1
Removed Pin From Net: NetName=NetC25_1 Pin=E2-2
Removed Pin From Net: NetName=NetR11_1 Pin=R11-1
Removed Pin From Net: NetName=V_BUCK_IN Pin=R11-2
Removed Member From Class: ClassName=MCU Member=C25
Removed Member From Class: ClassName=MCU Member=R22
Removed Member From Class: ClassName=MCU Member=R25
Change Component Footprint: Designator=L2 Old Footprint=0603-FerritBead New Footprint=Inductor 470NH
Change Component Footprint: Designator=C30 Old Footprint=1210-CAP New Footprint=0805-CAP
Change Component Footprint: Designator=L3 Old Footprint=Inductor 4U7H New Footprint=Inductor 470NH
Change Component Comment : Designator=C30 Old Comment=1210C 100UF New Comment=47uF
Change Component Comment : Designator=L2 Old Comment=CBF 102WB New Comment=Inductor 470NH
Change Component Comment : Designator=L3 Old Comment=Inductor 4U7H New Comment=Inductor 470NH
Change Component Designator: OldDesignator=C1 NewDesignator=C2
Change Component Designator: OldDesignator=C2 NewDesignator=C1
Change Component Designator: OldDesignator=C4 NewDesignator=C3
Change Component Designator: OldDesignator=C6 NewDesignator=C4
Change Component Designator: OldDesignator=C7 NewDesignator=C5
Change Component Designator: OldDesignator=C8 NewDesignator=C6
Change Component Designator: OldDesignator=C9 NewDesignator=C7
Change Component Designator: OldDesignator=C10 NewDesignator=C8
Change Component Designator: OldDesignator=C11 NewDesignator=C9
Change Component Designator: OldDesignator=C12 NewDesignator=C10
Change Component Designator: OldDesignator=C13 NewDesignator=C11
Change Component Designator: OldDesignator=C14 NewDesignator=C12
Change Component Designator: OldDesignator=C15 NewDesignator=C13
Change Component Designator: OldDesignator=C16 NewDesignator=C14
Change Component Designator: OldDesignator=C17 NewDesignator=C15
Change Component Designator: OldDesignator=C18 NewDesignator=C16
Change Component Designator: OldDesignator=C19 NewDesignator=C17
Change Component Designator: OldDesignator=C20 NewDesignator=C22
Change Component Designator: OldDesignator=C21 NewDesignator=C18
Change Component Designator: OldDesignator=C22 NewDesignator=C19
Change Component Designator: OldDesignator=C23 NewDesignator=C20
Change Component Designator: OldDesignator=C24 NewDesignator=C21
Change Component Designator: OldDesignator=C25 NewDesignator=C23
Change Component Designator: OldDesignator=C26 NewDesignator=C24
Change Component Designator: OldDesignator=C27 NewDesignator=C25
Change Component Designator: OldDesignator=C28 NewDesignator=C26
Change Component Designator: OldDesignator=C29 NewDesignator=C27
Change Component Designator: OldDesignator=C30 NewDesignator=C28
Change Component Designator: OldDesignator=R5 NewDesignator=R6
Change Component Designator: OldDesignator=R6 NewDesignator=R7
Change Component Designator: OldDesignator=R7 NewDesignator=R8
Change Component Designator: OldDesignator=R8 NewDesignator=R9
Change Component Designator: OldDesignator=R9 NewDesignator=R5
Change Component Designator: OldDesignator=R10 NewDesignator=R4
Change Component Designator: OldDesignator=R11 NewDesignator=R10
Change Component Designator: OldDesignator=R12 NewDesignator=R11
Change Component Designator: OldDesignator=R13 NewDesignator=R12
Change Component Designator: OldDesignator=R14 NewDesignator=R19
Change Component Designator: OldDesignator=R15 NewDesignator=R20
Change Component Designator: OldDesignator=R16 NewDesignator=R22
Change Component Designator: OldDesignator=R17 NewDesignator=R23
Change Component Designator: OldDesignator=R18 NewDesignator=R21
Change Component Designator: OldDesignator=R19 NewDesignator=R26
Change Component Designator: OldDesignator=R20 NewDesignator=R27
Change Component Designator: OldDesignator=R21 NewDesignator=R13
Change Component Designator: OldDesignator=R22 NewDesignator=R14
Change Component Designator: OldDesignator=R23 NewDesignator=R28
Change Component Designator: OldDesignator=R24 NewDesignator=R31
Change Component Designator: OldDesignator=R25 NewDesignator=R15
Change Component Designator: OldDesignator=R26 NewDesignator=R16
Change Component Designator: OldDesignator=R27 NewDesignator=R17
Change Component Designator: OldDesignator=R28 NewDesignator=R18
Change Component Designator: OldDesignator=R29 NewDesignator=R24
Change Component Designator: OldDesignator=R30 NewDesignator=R25
Change Component Designator: OldDesignator=R31 NewDesignator=R29
Change Component Designator: OldDesignator=R32 NewDesignator=R30
Change component parameters: Designator = "L3"; Footprint = "Inductor 470NH"; UniqueID = "\KKRQEXHJ\QENYERXD"
Change component parameters. Clean all parameters for all variants
Change component parameters (AddParameter): Name = "Supplier 1"; Value = "Digi-Key"; VariantName = "[No Variations]"
Change component parameters (AddParameter): Name = "Supplier Part Number 1"; Value = "445-3878-1-ND"; VariantName = "[No Variations]"
Change component parameters (AddParameter): Name = "Value"; Value = "4.7uH"; VariantName = "[No Variations]"
Change component parameters: Designator = "R1"; Footprint = "0805-RES"; UniqueID = "\QYPRNQMS\DKYUGPHN"
Change component parameters. Clean all parameters for all variants
Change component parameters (AddParameter): Name = "Supplier 1"; Value = "Digi-Key"; VariantName = "[No Variations]"
Change component parameters (AddParameter): Name = "Supplier Part Number 1"; Value = "2019-RK73H2ATTD5101FCT-ND"; VariantName = "[No Variations]"
Change component parameters (AddParameter): Name = "Value"; Value = "5.1k"; VariantName = "[No Variations]"
Change component parameters: Designator = "R2"; Footprint = "0805-RES"; UniqueID = "\QYPRNQMS\URHVLCQD"
Change component parameters. Clean all parameters for all variants
Change component parameters (AddParameter): Name = "Supplier 1"; Value = "Digi-Key"; VariantName = "[No Variations]"
Change component parameters (AddParameter): Name = "Supplier Part Number 1"; Value = "2019-RK73H2ATTD5101FCT-ND"; VariantName = "[No Variations]"
Change component parameters (AddParameter): Name = "Value"; Value = "5.1k"; VariantName = "[No Variations]"
Change component parameters: Designator = "R6"; Footprint = "0603-RES"; UniqueID = "\QYPRNQMS\CBBFGQXX"
Change component parameters. Clean all parameters for all variants
Change component parameters (AddParameter): Name = "Package"; Value = "0603"; VariantName = "[No Variations]"
Change component parameters (AddParameter): Name = "Supplier 1"; Value = "Digi-Key"; VariantName = "[No Variations]"
Change component parameters (AddParameter): Name = "Supplier Part Number 1"; Value = "311-1.00KHRDKR-ND"; VariantName = "[No Variations]"
Change component parameters (AddParameter): Name = "Value"; Value = "1k"; VariantName = "[No Variations]"
Change component parameters: Designator = "R7"; Footprint = "0603-RES"; UniqueID = "\QYPRNQMS\LJBBOTKQ"
Change component parameters. Clean all parameters for all variants
Change component parameters (AddParameter): Name = "Package"; Value = "0603"; VariantName = "[No Variations]"
Change component parameters (AddParameter): Name = "Supplier 1"; Value = "Digi-Key"; VariantName = "[No Variations]"
Change component parameters (AddParameter): Name = "Supplier Part Number 1"; Value = "311-1.07KHRCT-ND"; VariantName = "[No Variations]"
Change component parameters (AddParameter): Name = "Value"; Value = "1.07k"; VariantName = "[No Variations]"
Change component parameters: Designator = "R8"; Footprint = "0603-RES"; UniqueID = "\QYPRNQMS\QVMHIPEN"
Change component parameters. Clean all parameters for all variants
Change component parameters (AddParameter): Name = "Package"; Value = "0603"; VariantName = "[No Variations]"
Change component parameters (AddParameter): Name = "Supplier 1"; Value = "Digi-Key"; VariantName = "[No Variations]"
Change component parameters (AddParameter): Name = "Supplier Part Number 1"; Value = "311-46.4KHRCT-ND"; VariantName = "[No Variations]"
Change component parameters (AddParameter): Name = "Value"; Value = "46.4k"; VariantName = "[No Variations]"
Change component parameters: Designator = "R9"; Footprint = "0603-RES"; UniqueID = "\QYPRNQMS\GOLGFIUA"
Change component parameters. Clean all parameters for all variants
Change component parameters (AddParameter): Name = "Package"; Value = "0603"; VariantName = "[No Variations]"
Change component parameters (AddParameter): Name = "Supplier 1"; Value = "Digi-Key"; VariantName = "[No Variations]"
Change component parameters (AddParameter): Name = "Supplier Part Number 1"; Value = "311-10.0KHRCT-ND"; VariantName = "[No Variations]"
Change component parameters (AddParameter): Name = "Value"; Value = "10k"; VariantName = "[No Variations]"
Change component parameters: Designator = "R5"; Footprint = "0603-RES"; UniqueID = "\QYPRNQMS\DOLNUPXM"
Change component parameters. Clean all parameters for all variants
Change component parameters (AddParameter): Name = "Package"; Value = "0603"; VariantName = "[No Variations]"
Change component parameters (AddParameter): Name = "Supplier 1"; Value = "Digi-Key"; VariantName = "[No Variations]"
Change component parameters (AddParameter): Name = "Supplier Part Number 1"; Value = "311-1.50KHRCT-ND"; VariantName = "[No Variations]"
Change component parameters (AddParameter): Name = "Value"; Value = "1.5k"; VariantName = "[No Variations]"
Change component parameters: Designator = "R4"; Footprint = "0603-RES"; UniqueID = "\QYPRNQMS\EVBFJIBB"
Change component parameters. Clean all parameters for all variants
Change component parameters (AddParameter): Name = "Package"; Value = "0603"; VariantName = "[No Variations]"
Change component parameters (AddParameter): Name = "Supplier 1"; Value = "Digi-Key"; VariantName = "[No Variations]"
Change component parameters (AddParameter): Name = "Supplier Part Number 1"; Value = "311-1.50KHRCT-ND"; VariantName = "[No Variations]"
Change component parameters (AddParameter): Name = "Value"; Value = "1.5k"; VariantName = "[No Variations]"
Change component parameters: Designator = "R10"; Footprint = "0805-RES"; UniqueID = "\QYPRNQMS\BXEGHFMA"
Change component parameters. Clean all parameters for all variants
Change component parameters (AddParameter): Name = "Supplier 1"; Value = "Digi-Key"; VariantName = "[No Variations]"
Change component parameters (AddParameter): Name = "Supplier Part Number 1"; Value = "P100KCCT-ND"; VariantName = "[No Variations]"
Change component parameters (AddParameter): Name = "Value"; Value = "100k"; VariantName = "[No Variations]"
Change component parameters: Designator = "R11"; Footprint = "0805-RES"; UniqueID = "\QYPRNQMS\LMVXHQFN"
Change component parameters. Clean all parameters for all variants
Change component parameters (AddParameter): Name = "Supplier 1"; Value = "Digi-Key"; VariantName = "[No Variations]"
Change component parameters (AddParameter): Name = "Supplier Part Number 1"; Value = "P453KCCT-ND"; VariantName = "[No Variations]"
Change component parameters (AddParameter): Name = "Value"; Value = "453k"; VariantName = "[No Variations]"
Change component parameters: Designator = "R12"; Footprint = "0805-RES"; UniqueID = "\QYPRNQMS\VWTCXYJL"
Change component parameters. Clean all parameters for all variants
Change component parameters (AddParameter): Name = "Supplier 1"; Value = "Digi-Key"; VariantName = "[No Variations]"
Change component parameters (AddParameter): Name = "Supplier Part Number 1"; Value = "P100KCCT-ND"; VariantName = "[No Variations]"
Change component parameters (AddParameter): Name = "Value"; Value = "100k"; VariantName = "[No Variations]"
Change component parameters: Designator = "R19"; Footprint = "0603-RES"; UniqueID = "\KKRQEXHJ\CWHNLXGN"
Change component parameters. Clean all parameters for all variants
Change component parameters (AddParameter): Name = "Package"; Value = "0603"; VariantName = "[No Variations]"
Change component parameters (AddParameter): Name = "Supplier 1"; Value = "Digi-Key"; VariantName = "[No Variations]"
Change component parameters (AddParameter): Name = "Supplier Part Number 1"; Value = "311-0.0JRCT-ND"; VariantName = "[No Variations]"
Change component parameters (AddParameter): Name = "Value"; Value = "1"; VariantName = "[No Variations]"
Change component parameters: Designator = "R22"; Footprint = "0603-RES"; UniqueID = "\LOOIIVTV\CARPDWQD"
Change component parameters. Clean all parameters for all variants
Change component parameters (AddParameter): Name = "Package"; Value = "0603"; VariantName = "[No Variations]"
Change component parameters (AddParameter): Name = "Supplier 1"; Value = "Digi-Key"; VariantName = "[No Variations]"
Change component parameters (AddParameter): Name = "Supplier Part Number 1"; Value = "311-10.0KHRCT-ND"; VariantName = "[No Variations]"
Change component parameters (AddParameter): Name = "Value"; Value = "10k"; VariantName = "[No Variations]"
Change component parameters: Designator = "R23"; Footprint = "0603-RES"; UniqueID = "\LOOIIVTV\YYVCEVOS"
Change component parameters. Clean all parameters for all variants
Change component parameters (AddParameter): Name = "Package"; Value = "0603"; VariantName = "[No Variations]"
Change component parameters (AddParameter): Name = "Supplier 1"; Value = "Digi-Key"; VariantName = "[No Variations]"
Change component parameters (AddParameter): Name = "Supplier Part Number 1"; Value = "311-10.0KHRCT-ND"; VariantName = "[No Variations]"
Change component parameters (AddParameter): Name = "Value"; Value = "10k"; VariantName = "[No Variations]"
Change component parameters: Designator = "R21"; Footprint = "0603-RES"; UniqueID = "\LOOIIVTV\RVSOVPPF"
Change component parameters. Clean all parameters for all variants
Change component parameters (AddParameter): Name = "Package"; Value = "0603"; VariantName = "[No Variations]"
Change component parameters (AddParameter): Name = "Supplier 1"; Value = "Digi-Key"; VariantName = "[No Variations]"
Change component parameters (AddParameter): Name = "Supplier Part Number 1"; Value = "311-10.0KHRCT-ND"; VariantName = "[No Variations]"
Change component parameters (AddParameter): Name = "Value"; Value = "10k"; VariantName = "[No Variations]"
Change component parameters: Designator = "R26"; Footprint = "0603-RES"; UniqueID = "\HRNQDNRE\FLSHSVYX"
Change component parameters. Clean all parameters for all variants
Change component parameters (AddParameter): Name = "Package"; Value = "0603"; VariantName = "[No Variations]"
Change component parameters (AddParameter): Name = "Supplier 1"; Value = "Digi-Key"; VariantName = "[No Variations]"
Change component parameters (AddParameter): Name = "Supplier Part Number 1"; Value = "311-47.0HRDKR-ND"; VariantName = "[No Variations]"
Change component parameters (AddParameter): Name = "Value"; Value = "47"; VariantName = "[No Variations]"
Change component parameters: Designator = "R27"; Footprint = "0603-RES"; UniqueID = "\HRNQDNRE\FQGNXEXQ"
Change component parameters. Clean all parameters for all variants
Change component parameters (AddParameter): Name = "Package"; Value = "0603"; VariantName = "[No Variations]"
Change component parameters (AddParameter): Name = "Supplier 1"; Value = "Digi-Key"; VariantName = "[No Variations]"
Change component parameters (AddParameter): Name = "Supplier Part Number 1"; Value = "311-47.0HRDKR-ND"; VariantName = "[No Variations]"
Change component parameters (AddParameter): Name = "Value"; Value = "47"; VariantName = "[No Variations]"
Change component parameters: Designator = "R13"; Footprint = "0603-RES"; UniqueID = "\KKRQEXHJ\JLODRAAN"
Change component parameters. Clean all parameters for all variants
Change component parameters (AddParameter): Name = "Supplier 1"; Value = "Digi-Key"; VariantName = "[No Variations]"
Change component parameters (AddParameter): Name = "Supplier Part Number 1"; Value = "311-3.00KHRCT-ND"; VariantName = "[No Variations]"
Change component parameters (AddParameter): Name = "Value"; Value = "3k"; VariantName = "[No Variations]"
Change component parameters: Designator = "R14"; Footprint = "0603-RES"; UniqueID = "\KKRQEXHJ\RCOHQKPI"
Change component parameters. Clean all parameters for all variants
Change component parameters (AddParameter): Name = "Supplier 1"; Value = "Digi-Key"; VariantName = "[No Variations]"
Change component parameters (AddParameter): Name = "Supplier Part Number 1"; Value = "311-3.00KHRCT-ND"; VariantName = "[No Variations]"
Change component parameters (AddParameter): Name = "Value"; Value = "3k"; VariantName = "[No Variations]"
Change component parameters: Designator = "R28"; Footprint = "0603-RES"; UniqueID = "\HRNQDNRE\WPRXSWRS"
Change component parameters. Clean all parameters for all variants
Change component parameters (AddParameter): Name = "Package"; Value = "0603"; VariantName = "[No Variations]"
Change component parameters (AddParameter): Name = "Supplier 1"; Value = "Digi-Key"; VariantName = "[No Variations]"
Change component parameters (AddParameter): Name = "Supplier Part Number 1"; Value = "311-1.50KHRCT-ND"; VariantName = "[No Variations]"
Change component parameters (AddParameter): Name = "Value"; Value = "1.5k"; VariantName = "[No Variations]"
Change component parameters: Designator = "R31"; Footprint = "0603-RES"; UniqueID = "\RFMXKEWQ\GWFYJTUF"
Change component parameters. Clean all parameters for all variants
Change component parameters (AddParameter): Name = "Package"; Value = "0603"; VariantName = "[No Variations]"
Change component parameters (AddParameter): Name = "Supplier 1"; Value = "Digi-Key"; VariantName = "[No Variations]"
Change component parameters (AddParameter): Name = "Supplier Part Number 1"; Value = "311-1.50KHRCT-ND"; VariantName = "[No Variations]"
Change component parameters (AddParameter): Name = "Value"; Value = "1.5k"; VariantName = "[No Variations]"
Change component parameters: Designator = "R24"; Footprint = "0603-RES"; UniqueID = "\LOOIIVTV\TPACEGIO"
Change component parameters. Clean all parameters for all variants
Change component parameters (AddParameter): Name = "Package"; Value = "0603"; VariantName = "[No Variations]"
Change component parameters (AddParameter): Name = "Supplier 1"; Value = "Digi-Key"; VariantName = "[No Variations]"
Change component parameters (AddParameter): Name = "Supplier Part Number 1"; Value = "311-0.0JRCT-ND"; VariantName = "[No Variations]"
Change component parameters (AddParameter): Name = "Value"; Value = "1"; VariantName = "[No Variations]"
Change component parameters: Designator = "R25"; Footprint = "0603-RES"; UniqueID = "\LOOIIVTV\NUTXCTET"
Change component parameters. Clean all parameters for all variants
Change component parameters (AddParameter): Name = "Package"; Value = "0603"; VariantName = "[No Variations]"
Change component parameters (AddParameter): Name = "Supplier 1"; Value = "Digi-Key"; VariantName = "[No Variations]"
Change component parameters (AddParameter): Name = "Supplier Part Number 1"; Value = "311-0.0JRCT-ND"; VariantName = "[No Variations]"
Change component parameters (AddParameter): Name = "Value"; Value = "1"; VariantName = "[No Variations]"
Change component parameters: Designator = "R29"; Footprint = "0603-RES"; UniqueID = "\RFMXKEWQ\BNQRHQSP"
Change component parameters. Clean all parameters for all variants
Change component parameters (AddParameter): Name = "Package"; Value = "0603"; VariantName = "[No Variations]"
Change component parameters (AddParameter): Name = "Supplier 1"; Value = "Digi-Key"; VariantName = "[No Variations]"
Change component parameters (AddParameter): Name = "Supplier Part Number 1"; Value = "311-0.0JRCT-ND"; VariantName = "[No Variations]"
Change component parameters (AddParameter): Name = "Value"; Value = "1"; VariantName = "[No Variations]"
Change component parameters: Designator = "R30"; Footprint = "0603-RES"; UniqueID = "\RFMXKEWQ\LFASYLYF"
Change component parameters. Clean all parameters for all variants
Change component parameters (AddParameter): Name = "Package"; Value = "0603"; VariantName = "[No Variations]"
Change component parameters (AddParameter): Name = "Supplier 1"; Value = "Digi-Key"; VariantName = "[No Variations]"
Change component parameters (AddParameter): Name = "Supplier Part Number 1"; Value = "311-0.0JRCT-ND"; VariantName = "[No Variations]"
Change component parameters (AddParameter): Name = "Value"; Value = "1"; VariantName = "[No Variations]"
Change component parameters: Designator = "C28"; Footprint = "0805-CAP"; UniqueID = "\RFMXKEWQ\BVGGOMON"
Change component parameters. Clean all parameters for all variants
Change component parameters (AddParameter): Name = "Supplier 1"; Value = "Digi-Key"; VariantName = "[No Variations]"
Change component parameters (AddParameter): Name = "Supplier Part Number 1"; Value = "490-9949-1-ND"; VariantName = "[No Variations]"
Change component parameters (AddParameter): Name = "Value"; Value = "47uF"; VariantName = "[No Variations]"
Change component parameters: Designator = "L2"; Footprint = "Inductor 470NH"; UniqueID = "\KKRQEXHJ\SNMMTYWC"
Change component parameters. Clean all parameters for all variants
Change component parameters (AddParameter): Name = "Supplier 1"; Value = "Digi-Key"; VariantName = "[No Variations]"
Change component parameters (AddParameter): Name = "Supplier Part Number 1"; Value = "445-3878-1-ND"; VariantName = "[No Variations]"
Change component parameters (AddParameter): Name = "Value"; Value = "1k 200mA"; VariantName = "[No Variations]"
Added Component: Designator=C29(0805-CAP)
Add component. Clean all parameters for all variants
Add component (AddParameter): Name = "Supplier 1"; Value = "Digi-Key"; VariantName = "[No Variations]"
Add component (AddParameter): Name = "Supplier Part Number 1"; Value = "490-9949-1-ND"; VariantName = "[No Variations]"
Add component (AddParameter): Name = "Value"; Value = "47uF"; VariantName = "[No Variations]"
Added Component: Designator=C30(0805-CAP)
Add component. Clean all parameters for all variants
Add component (AddParameter): Name = "Supplier 1"; Value = "Digi-Key"; VariantName = "[No Variations]"
Add component (AddParameter): Name = "Supplier Part Number 1"; Value = "490-9949-1-ND"; VariantName = "[No Variations]"
Add component (AddParameter): Name = "Value"; Value = "47uF"; VariantName = "[No Variations]"
Added Component: Designator=C34(0603-CAP)
Add component. Clean all parameters for all variants
Add component (AddParameter): Name = "Supplier 1"; Value = "Digi-Key"; VariantName = "[No Variations]"
Add component (AddParameter): Name = "Supplier Part Number 1"; Value = "490-8020-1-ND"; VariantName = "[No Variations]"
Add component (AddParameter): Name = "Value"; Value = "100nF"; VariantName = "[No Variations]"
Added Component: Designator=E3(ESD_RS)
Add component. Clean all parameters for all variants
Add component (AddParameter): Name = "Supplier 1"; Value = "Digi-Key"; VariantName = "[No Variations]"
Add component (AddParameter): Name = "Supplier Part Number 1"; Value = "F7701CT-ND"; VariantName = "[No Variations]"
Added Component: Designator=R32(0603-RES)
Add component. Clean all parameters for all variants
Add component (AddParameter): Name = "Package"; Value = "0603"; VariantName = "[No Variations]"
Add component (AddParameter): Name = "Supplier 1"; Value = "Digi-Key"; VariantName = "[No Variations]"
Add component (AddParameter): Name = "Supplier Part Number 1"; Value = "311-100HRCT-ND"; VariantName = "[No Variations]"
Add component (AddParameter): Name = "Value"; Value = "100R"; VariantName = "[No Variations]"
Added Component: Designator=SW2(*SW_PTS810_SJM_250_SMTR_LFS)
Add component. Clean all parameters for all variants
Add component (AddParameter): Name = "Availability"; Value = "Unavailable"; VariantName = "[No Variations]"
Add component (AddParameter): Name = "Digikey link"; Value = "https://www.digikey.com/product-detail/en/c-k/PTS810-SJM-250-SMTR-LFS/CKN10502CT-ND/4176673"; VariantName = "[No Variations]"
Add component (AddParameter): Name = "Digikey part number"; Value = "CKN10502CT-ND"; VariantName = "[No Variations]"
Add component (AddParameter): Name = "MF"; Value = "C&K"; VariantName = "[No Variations]"
Add component (AddParameter): Name = "MP"; Value = "PTS810 SJM 250 SMTR LFS"; VariantName = "[No Variations]"
Add component (AddParameter): Name = "Package"; Value = "None"; VariantName = "[No Variations]"
Add component (AddParameter): Name = "Price"; Value = "0.3"; VariantName = "[No Variations]"
Add component (AddParameter): Name = "SnapEDA_Link"; Value = "https://www.snapeda.com/parts/PTS810%20SJM%20250%20SMTR%20LFS/C%26K/view-part/522770/?ref=snap"; VariantName = "[No Variations]"
Add component (AddParameter): Name = "Value"; Value = ""; VariantName = "[No Variations]"
Added Component: Designator=T15(1_PIN_2.54)
Add component. Clean all parameters for all variants
Added Pin To Net: NetName=GND Pin=C28-1
Added Pin To Net: NetName=3.3V Pin=C28-2
Added Pin To Net: NetName=GND Pin=C29-1
Added Pin To Net: NetName=3.3V Pin=C29-2
Added Pin To Net: NetName=GND Pin=C30-1
Added Pin To Net: NetName=3.3V Pin=C30-2
Added Pin To Net: NetName=GND Pin=C34-2
Added Pin To Net: NetName=NetR1_1 Pin=R6-2
Added Pin To Net: NetName=NetR1_1 Pin=R7-2
Added Pin To Net: NetName=V_BUCK_IN Pin=R10-1
Added Pin To Net: NetName=NetR11_1 Pin=R10-2
Added Pin To Net: NetName=GND Pin=R32-2
Added Pin To Net: NetName=NetR11_1 Pin=T15-1
Added Pin To Net: NetName=NetR1_1 Pin=U2-12
Added Pin To Net: NetName=NetR1_1 Pin=U2-16
Change Net Name : Old Net Name=NetC8_1 New Net Name=NetC6_1
Change Net Name : Old Net Name=NetC17_1 New Net Name=MCU_AVDD
Change Net Name : Old Net Name=NetC20_1 New Net Name=MCU_DE
Change Net Name : Old Net Name=NetC21_1 New Net Name=MCU_DVDD
Change Net Name : Old Net Name=NetC25_1 New Net Name=MCU_RESET
Change Net Name : Old Net Name=NetL3_1 New Net Name=MCU_GSW
Change Net Name : Old Net Name=NetR1_1 New Net Name=ID_VSNS
Change Net Name : Old Net Name=NetR3_2 New Net Name=ID_ILIM
Change Net Name : Old Net Name=NetR7_2 New Net Name=NetR8_2
Change Net Name : Old Net Name=NetR8_2 New Net Name=NetR9_2
Change Net Name : Old Net Name=NetR11_1 New Net Name=V_PG
Change Net Name : Old Net Name=NetR15_1 New Net Name=NetR20_1
Change Net Name : Old Net Name=NetR18_1 New Net Name=NetR21_1
Change Net Name : Old Net Name=NetR19_1 New Net Name=NetR26_1
Change Net Name : Old Net Name=NetR20_1 New Net Name=NetR27_1
Change Net Name : Old Net Name=NetR21_2 New Net Name=NetR13_2
Change Net Name : Old Net Name=NetR22_2 New Net Name=NetR14_2
Change Net Name : Old Net Name=NetR23_1 New Net Name=NetR28_1
Change Net Name : Old Net Name=NetR24_1 New Net Name=NetR31_1
Change Net Name : Old Net Name=NetR25_1 New Net Name=NetR15_1
Change Net Name : Old Net Name=NetR26_1 New Net Name=NetR16_1
Change Net Name : Old Net Name=NetR27_1 New Net Name=NetR17_1
Change Net Name : Old Net Name=NetR28_1 New Net Name=NetR18_1
Change Net Name : Old Net Name=NetR31_1 New Net Name=NetR29_1
Change Net Name : Old Net Name=NetR32_1 New Net Name=NetR30_1
Added Pin To Net: NetName=NetC34_1 Pin=C34-1
Added Pin To Net: NetName=NetC34_1 Pin=SW2-1
Added Pin To Net: NetName=NetC34_1 Pin=SW2-2
Added Pin To Net: NetName=NetC34_1 Pin=U7-5
Added Net: Name=NetC34_1
Added Pin To Net: NetName=NetR32_1 Pin=R32-1
Added Pin To Net: NetName=NetR32_1 Pin=SW2-3
Added Pin To Net: NetName=NetR32_1 Pin=SW2-4
Added Net: Name=NetR32_1
Added Member To Class: ClassName=MCU Member=Component C22 0603C 1UF
Added Member To Class: ClassName=LTE module Member=Component C29 47uF
Added Member To Class: ClassName=LTE module Member=Component C30 47uF
Added Member To Class: ClassName=LTE module Member=Component C34 0603C 100NF
Added Member To Class: ClassName=LTE module Member=Component E3 ESD_RS
Added Member To Class: ClassName=MCU Member=Component R19 0603R 1R
Added Member To Class: ClassName=MCU Member=Component R20 0603R 100R
Added Member To Class: ClassName=LTE module Member=Component R32 0603R 100R
Added Member To Class: ClassName=LTE module Member=Component SW2 PTS810
Added Member To Class: ClassName=Power circuit Member=Component T15 1pin_connector
