Removed Member From Class: ClassName=MCU Member=C6
Removed Member From Class: ClassName=MCU Member=C7
Removed Member From Class: ClassName=Accelerometer Member=C18
Removed Member From Class: ClassName=Accelerometer Member=C23
Removed Member From Class: ClassName=GPS module Member=C23
Removed Member From Class: ClassName=LTE module Member=C24
Removed Member From Class: ClassName=LTE module Member=C27
Removed Member From Class: ClassName=Accelerometer Member=R12
Removed Member From Class: ClassName=MCU Member=R12
Removed Member From Class: ClassName=GPS module Member=R16
Removed Member From Class: ClassName=GPS module Member=R18
Removed Member From Class: ClassName=LTE module Member=R25
Removed Member From Class: ClassName=Accelerometer Member=R26
Removed Member From Class: ClassName=MCU Member=R26
Removed Member From Class: ClassName=Accelerometer Member=R28
Removed Member From Class: ClassName=MCU Member=R28
Removed Member From Class: ClassName=Accelerometer Member=R31
Added Pin To Net: NetName=GND Pin=E1-1
Added Pin To Net: NetName=V_USB Pin=E1-2
Added Pin To Net: NetName=MCU_RESET Pin=E2-1
Added Pin To Net: NetName=GND Pin=E2-2
Added Pin To Net: NetName=NetC34_1 Pin=E3-1
Added Pin To Net: NetName=GND Pin=E3-2
Added Member To Class: ClassName=Power circuit Member=Component C7 1210C 22UF
Added Member To Class: ClassName=Power circuit Member=Component C8 1210C 22UF
Added Member To Class: ClassName=MCU Member=Component C21 0603C 10UF
Added Member To Class: ClassName=MCU Member=Component C23 0603C 100NF
Added Member To Class: ClassName=Accelerometer Member=Component C25 0603C 4U7F
Added Member To Class: ClassName=Accelerometer Member=Component C26 0603C 100NF
Added Member To Class: ClassName=GPS module Member=Component C27 0603C 4U7F
Added Member To Class: ClassName=LTE module Member=Component C29 47uF
Added Member To Class: ClassName=LTE module Member=Component C30 47uF
Added Member To Class: ClassName=Power circuit Member=Component R12 0805R 100KR
Added Member To Class: ClassName=MCU Member=Component R15 0603R NC
Added Member To Class: ClassName=MCU Member=Component R16 0603R NC
Added Member To Class: ClassName=MCU Member=Component R18 0603R NC
Added Member To Class: ClassName=Accelerometer Member=Component R21 0603R 10KR
Added Member To Class: ClassName=Accelerometer Member=Component R22 0603R 10KR
Added Member To Class: ClassName=Accelerometer Member=Component R24 0603R 1R
Added Member To Class: ClassName=Accelerometer Member=Component R25 0603R 1R
Added Member To Class: ClassName=GPS module Member=Component R26 0603R 47R
Added Member To Class: ClassName=GPS module Member=Component R27 0603R 47R
Added Member To Class: ClassName=LTE module Member=Component R32 0603R 100R
