Change Component Comment : Designator=U4 Old Comment= New Comment=EFM32PG12
Change component parameters: Designator = "U4"; Footprint = "QFN50P700X700X90_HS-49N_"; UniqueID = "\KKRQEXHJ\WHKNESJE"
Change component parameters. Clean all parameters for all variants
Change component parameters (AddParameter): Name = "Datasheet link"; Value = "https://www.silabs.com/documents/public/data-sheets/efm32pg12-datasheet.pdf"; VariantName = "[No Variations]"
Change component parameters (AddParameter): Name = "Digikey link"; Value = "https://www.digikey.com/product-detail/en/silicon-labs/EFM32PG12B500F1024GM48-C/336-4419-ND/8186199"; VariantName = "[No Variations]"
Change component parameters (AddParameter): Name = "Digikey part number"; Value = "336-4419-ND"; VariantName = "[No Variations]"
Change component parameters (AddParameter): Name = "MF"; Value = "Silicon Labs"; VariantName = "[No Variations]"
Change component parameters (AddParameter): Name = "MP"; Value = "EFM32PG12B500F1024GM48-C"; VariantName = "[No Variations]"
Change component parameters (AddParameter): Name = "Package"; Value = "48-VFQFN Exposed Pad"; VariantName = "[No Variations]"
Change component parameters (AddParameter): Name = "Price"; Value = "4.43"; VariantName = "[No Variations]"
Change component parameters (AddParameter): Name = "Supplier 1"; Value = "Digi-Key"; VariantName = "[No Variations]"
Change component parameters (AddParameter): Name = "Supplier Part Number 1"; Value = "336-4419-ND"; VariantName = "[No Variations]"
Added Pin To Net: NetName=GND Pin=U4-0
Added Pin To Net: NetName=SWCLK Pin=U4-1
Added Pin To Net: NetName=SWDIO Pin=U4-2
Added Pin To Net: NetName=NetR13_2 Pin=U4-3
Added Pin To Net: NetName=NetR14_2 Pin=U4-4
Added Pin To Net: NetName=NetR18_1 Pin=U4-5
Added Pin To Net: NetName=NetR17_1 Pin=U4-6
Added Pin To Net: NetName=NetR27_1 Pin=U4-7
Added Pin To Net: NetName=NetR26_1 Pin=U4-8
Added Pin To Net: NetName=MCU_AVDD Pin=U4-9
Added Pin To Net: NetName=MCU_RESET Pin=U4-12
Added Pin To Net: NetName=NetR29_1 Pin=U4-18
Added Pin To Net: NetName=NetR30_1 Pin=U4-19
Added Pin To Net: NetName=FALL_INT Pin=U4-20
Added Pin To Net: NetName=ACC_SDA Pin=U4-21
Added Pin To Net: NetName=ACC_SCL Pin=U4-22
Added Pin To Net: NetName=NetR16_1 Pin=U4-24
Added Pin To Net: NetName=NetR15_1 Pin=U4-25
Added Pin To Net: NetName=MCU_AVDD Pin=U4-34
Added Pin To Net: NetName=GND Pin=U4-37
Added Pin To Net: NetName=MCU_GSW Pin=U4-38
Added Pin To Net: NetName=3.3V Pin=U4-39
Added Pin To Net: NetName=MCU_DVDD Pin=U4-40
Added Pin To Net: NetName=MCU_DE Pin=U4-41
Added Pin To Net: NetName=3.3V Pin=U4-42
Change Net Name : Old Net Name=NetR15_1 New Net Name=MCU_P25
Change Net Name : Old Net Name=NetR16_1 New Net Name=MCU_P24
Change Net Name : Old Net Name=NetR17_1 New Net Name=MCU_P6
Change Net Name : Old Net Name=NetR18_1 New Net Name=MCU_P5
Added Member To Class: ClassName=MCU Member=Component U4 EFM32PG12
