Removed Pin From Net: NetName=GND Pin=P3-2
Change Component Footprint: Designator=P3 Old Footprint=2_PINS_2.54 New Footprint=*HRS_ZX62D-B-5P8_ZX62D-B-5P8(Primary)
Change Component Comment : Designator=P3 Old Comment=2pins_connector New Comment=ZX62D-B-5P8
Change component parameters: Designator = "P3"; Footprint = "*HRS_ZX62D-B-5P8_ZX62D-B-5P8(Primary)"; UniqueID = "\QYPRNQMS\MJMVFUQG"
Change component parameters. Clean all parameters for all variants
Change component parameters (AddParameter): Name = "Availability"; Value = "Unavailable"; VariantName = "[No Variations]"
Change component parameters (AddParameter): Name = "MF"; Value = "Hirose"; VariantName = "[No Variations]"
Change component parameters (AddParameter): Name = "MP"; Value = "ZX62D-B-5P8"; VariantName = "[No Variations]"
Change component parameters (AddParameter): Name = "Package"; Value = "None"; VariantName = "[No Variations]"
Change component parameters (AddParameter): Name = "Price"; Value = "None"; VariantName = "[No Variations]"
Change component parameters (AddParameter): Name = "SnapEDA_Link"; Value = "https://www.snapeda.com/parts/ZX62D-B-5P8/Hirose%20Electric%20Co%20Ltd/view-part/110243/?ref=snap"; VariantName = "[No Variations]"
Change component parameters (AddParameter): Name = "Supplier 1"; Value = "Digi-Key"; VariantName = "[No Variations]"
Change component parameters (AddParameter): Name = "Supplier Part Number 1"; Value = "609-5379-6-ND"; VariantName = "[No Variations]"
Change component parameters (AddParameter): Name = "Value"; Value = "MicroUSB Connector"; VariantName = "[No Variations]"
Added Pin To Net: NetName=GND Pin=P3-5
Added Pin To Net: NetName=GND Pin=P3-S1
Added Pin To Net: NetName=GND Pin=P3-S2
Added Pin To Net: NetName=GND Pin=P3-S3
Added Pin To Net: NetName=GND Pin=P3-S4
Added Pin To Net: NetName=GND Pin=P3-S5
Added Pin To Net: NetName=GND Pin=P3-S6
