Change Component Footprint: Designator=C31 Old Footprint=SMD-0603-RES New Footprint=SMD-0805C
Change Component Footprint: Designator=C11 Old Footprint=SMD-0603C New Footprint=SMD-0805C
Change Component Footprint: Designator=C12 Old Footprint=SMD-0603C New Footprint=SMD-0805C
Change Component Footprint: Designator=C13 Old Footprint=SMD-0603C New Footprint=SMD-0805C
Change Component Footprint: Designator=C14 Old Footprint=SMD-0603C New Footprint=SMD-0805C
Change Component Footprint: Designator=C16 Old Footprint=SMD-0603C New Footprint=SMD-0805C
Change Component Footprint: Designator=C17 Old Footprint=SMD-0603C New Footprint=SMD-0805C
Change Component Footprint: Designator=C18 Old Footprint=SMD-0603C New Footprint=SMD-0805C
Change Component Footprint: Designator=C19 Old Footprint=SMD-0603C New Footprint=SMD-0805C
Change Component Footprint: Designator=C20 Old Footprint=SMD-0603C New Footprint=SMD-0805C
Change Component Footprint: Designator=C21 Old Footprint=SMD-0603C New Footprint=SMD-0805C
Change Component Footprint: Designator=C22 Old Footprint=SMD-0603C New Footprint=SMD-0805C
Change Component Footprint: Designator=C23 Old Footprint=SMD-0603C New Footprint=SMD-0805C
Change Component Footprint: Designator=C24 Old Footprint=SMD-0603C New Footprint=SMD-0805C
Change Component Footprint: Designator=C25 Old Footprint=SMD-0603C New Footprint=SMD-0805C
Change Component Footprint: Designator=C26 Old Footprint=SMD-0603C New Footprint=SMD-0805C
Change Component Footprint: Designator=C27 Old Footprint=SMD-0603C New Footprint=SMD-0805C
Change Component Footprint: Designator=C28 Old Footprint=SMD-0603C New Footprint=SMD-0805C
Change Component Footprint: Designator=C29 Old Footprint=SMD-0603C New Footprint=SMD-0805C
Change Component Footprint: Designator=C30 Old Footprint=SMD-0603C New Footprint=SMD-0805C
Change Component Footprint: Designator=C32 Old Footprint=SMD-0603C New Footprint=SMD-0805C
Change Component Footprint: Designator=C33 Old Footprint=SMD-0603C New Footprint=SMD-0805C
Change Component Footprint: Designator=C34 Old Footprint=SMD-0603C New Footprint=SMD-0805C
Change component parameters: Designator = "C11"; Footprint = "SMD-0805C"; UniqueID = "\KKRQEXHJ\MFILJWLW"
Change component parameters. Clean all parameters for all variants
Change component parameters (AddParameter): Name = "PackageDescription"; Value = "Chip Capacitor"; VariantName = "[No Variations]"
Change component parameters (AddParameter): Name = "PackageReference"; Value = "0805"; VariantName = "[No Variations]"
Change component parameters (AddParameter): Name = "Value"; Value = "10u"; VariantName = "[No Variations]"
Change component parameters: Designator = "C12"; Footprint = "SMD-0805C"; UniqueID = "\KKRQEXHJ\UIEIGTSF"
Change component parameters. Clean all parameters for all variants
Change component parameters (AddParameter): Name = "PackageDescription"; Value = "Chip Capacitor"; VariantName = "[No Variations]"
Change component parameters (AddParameter): Name = "PackageReference"; Value = "0805"; VariantName = "[No Variations]"
Change component parameters (AddParameter): Name = "Value"; Value = "1u"; VariantName = "[No Variations]"
Change component parameters: Designator = "C13"; Footprint = "SMD-0805C"; UniqueID = "\KKRQEXHJ\LKJQNERP"
Change component parameters. Clean all parameters for all variants
Change component parameters (AddParameter): Name = "PackageDescription"; Value = "Chip Capacitor"; VariantName = "[No Variations]"
Change component parameters (AddParameter): Name = "PackageReference"; Value = "0805"; VariantName = "[No Variations]"
Change component parameters (AddParameter): Name = "Value"; Value = "10n"; VariantName = "[No Variations]"
Change component parameters: Designator = "C14"; Footprint = "SMD-0805C"; UniqueID = "\KKRQEXHJ\FQOUWPBR"
Change component parameters. Clean all parameters for all variants
Change component parameters (AddParameter): Name = "PackageDescription"; Value = "Chip Capacitor"; VariantName = "[No Variations]"
Change component parameters (AddParameter): Name = "PackageReference"; Value = "0805"; VariantName = "[No Variations]"
Change component parameters (AddParameter): Name = "Value"; Value = "10n"; VariantName = "[No Variations]"
Change component parameters: Designator = "C16"; Footprint = "SMD-0805C"; UniqueID = "\KKRQEXHJ\IHETICKS"
Change component parameters. Clean all parameters for all variants
Change component parameters (AddParameter): Name = "PackageDescription"; Value = "Chip Capacitor"; VariantName = "[No Variations]"
Change component parameters (AddParameter): Name = "PackageReference"; Value = "0805"; VariantName = "[No Variations]"
Change component parameters (AddParameter): Name = "Value"; Value = "10n"; VariantName = "[No Variations]"
Change component parameters: Designator = "C17"; Footprint = "SMD-0805C"; UniqueID = "\KKRQEXHJ\EGGMOKKS"
Change component parameters. Clean all parameters for all variants
Change component parameters (AddParameter): Name = "PackageDescription"; Value = "Chip Capacitor"; VariantName = "[No Variations]"
Change component parameters (AddParameter): Name = "PackageReference"; Value = "0805"; VariantName = "[No Variations]"
Change component parameters (AddParameter): Name = "Value"; Value = "10u"; VariantName = "[No Variations]"
Change component parameters: Designator = "C18"; Footprint = "SMD-0805C"; UniqueID = "\KKRQEXHJ\JHCCPJCC"
Change component parameters. Clean all parameters for all variants
Change component parameters (AddParameter): Name = "PackageDescription"; Value = "Chip Capacitor"; VariantName = "[No Variations]"
Change component parameters (AddParameter): Name = "PackageReference"; Value = "0805"; VariantName = "[No Variations]"
Change component parameters (AddParameter): Name = "Value"; Value = "10n"; VariantName = "[No Variations]"
Change component parameters: Designator = "C19"; Footprint = "SMD-0805C"; UniqueID = "\KKRQEXHJ\EXDWLTOQ"
Change component parameters. Clean all parameters for all variants
Change component parameters (AddParameter): Name = "PackageDescription"; Value = "Chip Capacitor"; VariantName = "[No Variations]"
Change component parameters (AddParameter): Name = "PackageReference"; Value = "0805"; VariantName = "[No Variations]"
Change component parameters (AddParameter): Name = "Value"; Value = "10n"; VariantName = "[No Variations]"
Change component parameters: Designator = "C20"; Footprint = "SMD-0805C"; UniqueID = "\KKRQEXHJ\KSGWOMOW"
Change component parameters. Clean all parameters for all variants
Change component parameters (AddParameter): Name = "PackageDescription"; Value = "Chip Capacitor"; VariantName = "[No Variations]"
Change component parameters (AddParameter): Name = "PackageReference"; Value = "0805"; VariantName = "[No Variations]"
Change component parameters (AddParameter): Name = "Value"; Value = "1u"; VariantName = "[No Variations]"
Change component parameters: Designator = "C21"; Footprint = "SMD-0805C"; UniqueID = "\KKRQEXHJ\SVOPYMLC"
Change component parameters. Clean all parameters for all variants
Change component parameters (AddParameter): Name = "PackageDescription"; Value = "Chip Capacitor"; VariantName = "[No Variations]"
Change component parameters (AddParameter): Name = "PackageReference"; Value = "0805"; VariantName = "[No Variations]"
Change component parameters (AddParameter): Name = "Value"; Value = "100n"; VariantName = "[No Variations]"
Change component parameters: Designator = "C22"; Footprint = "SMD-0805C"; UniqueID = "\KKRQEXHJ\BGGVRQBE"
Change component parameters. Clean all parameters for all variants
Change component parameters (AddParameter): Name = "PackageDescription"; Value = "Chip Capacitor"; VariantName = "[No Variations]"
Change component parameters (AddParameter): Name = "PackageReference"; Value = "0805"; VariantName = "[No Variations]"
Change component parameters (AddParameter): Name = "Value"; Value = "4.7u"; VariantName = "[No Variations]"
Change component parameters: Designator = "C23"; Footprint = "SMD-0805C"; UniqueID = "\KKRQEXHJ\QTLEGCVY"
Change component parameters. Clean all parameters for all variants
Change component parameters (AddParameter): Name = "PackageDescription"; Value = "Chip Capacitor"; VariantName = "[No Variations]"
Change component parameters (AddParameter): Name = "PackageReference"; Value = "0805"; VariantName = "[No Variations]"
Change component parameters (AddParameter): Name = "Value"; Value = "1u"; VariantName = "[No Variations]"
Change component parameters: Designator = "C24"; Footprint = "SMD-0805C"; UniqueID = "\KKRQEXHJ\OUBUJPPD"
Change component parameters. Clean all parameters for all variants
Change component parameters (AddParameter): Name = "PackageDescription"; Value = "Chip Capacitor"; VariantName = "[No Variations]"
Change component parameters (AddParameter): Name = "PackageReference"; Value = "0805"; VariantName = "[No Variations]"
Change component parameters (AddParameter): Name = "Value"; Value = "10u"; VariantName = "[No Variations]"
Change component parameters: Designator = "C25"; Footprint = "SMD-0805C"; UniqueID = "\KKRQEXHJ\DKBFYJUO"
Change component parameters. Clean all parameters for all variants
Change component parameters (AddParameter): Name = "PackageDescription"; Value = "Chip Capacitor"; VariantName = "[No Variations]"
Change component parameters (AddParameter): Name = "PackageReference"; Value = "0805"; VariantName = "[No Variations]"
Change component parameters (AddParameter): Name = "Value"; Value = "100n"; VariantName = "[No Variations]"
Change component parameters: Designator = "C26"; Footprint = "SMD-0805C"; UniqueID = "\LOOIIVTV\SUGOSLXH"
Change component parameters. Clean all parameters for all variants
Change component parameters (AddParameter): Name = "PackageDescription"; Value = "Chip Capacitor"; VariantName = "[No Variations]"
Change component parameters (AddParameter): Name = "PackageReference"; Value = "0805"; VariantName = "[No Variations]"
Change component parameters (AddParameter): Name = "Value"; Value = "0.1u"; VariantName = "[No Variations]"
Change component parameters: Designator = "C27"; Footprint = "SMD-0805C"; UniqueID = "\LOOIIVTV\CBNNGTPH"
Change component parameters. Clean all parameters for all variants
Change component parameters (AddParameter): Name = "PackageDescription"; Value = "Chip Capacitor"; VariantName = "[No Variations]"
Change component parameters (AddParameter): Name = "PackageReference"; Value = "0805"; VariantName = "[No Variations]"
Change component parameters (AddParameter): Name = "Value"; Value = "4.7u"; VariantName = "[No Variations]"
Change component parameters: Designator = "C28"; Footprint = "SMD-0805C"; UniqueID = "\LOOIIVTV\KNRPOLFH"
Change component parameters. Clean all parameters for all variants
Change component parameters (AddParameter): Name = "PackageDescription"; Value = "Chip Capacitor"; VariantName = "[No Variations]"
Change component parameters (AddParameter): Name = "PackageReference"; Value = "0805"; VariantName = "[No Variations]"
Change component parameters (AddParameter): Name = "Value"; Value = "0.1u"; VariantName = "[No Variations]"
Change component parameters: Designator = "C29"; Footprint = "SMD-0805C"; UniqueID = "\HRNQDNRE\YHYSCXTI"
Change component parameters. Clean all parameters for all variants
Change component parameters (AddParameter): Name = "PackageDescription"; Value = "Chip Capacitor"; VariantName = "[No Variations]"
Change component parameters (AddParameter): Name = "PackageReference"; Value = "0805"; VariantName = "[No Variations]"
Change component parameters (AddParameter): Name = "Value"; Value = "4.7u"; VariantName = "[No Variations]"
Change component parameters: Designator = "C30"; Footprint = "SMD-0805C"; UniqueID = "\RFMXKEWQ\NHMWFCFP"
Change component parameters. Clean all parameters for all variants
Change component parameters (AddParameter): Name = "PackageDescription"; Value = "Chip Capacitor"; VariantName = "[No Variations]"
Change component parameters (AddParameter): Name = "PackageReference"; Value = "0805"; VariantName = "[No Variations]"
Change component parameters (AddParameter): Name = "Value"; Value = "100u"; VariantName = "[No Variations]"
Change component parameters: Designator = "C31"; Footprint = "SMD-0805C"; UniqueID = "\RFMXKEWQ\LEKNXHLV"
Change component parameters. Clean all parameters for all variants
Change component parameters (AddParameter): Name = "PackageDescription"; Value = "Chip Capacitor"; VariantName = "[No Variations]"
Change component parameters (AddParameter): Name = "PackageReference"; Value = "0805"; VariantName = "[No Variations]"
Change component parameters (AddParameter): Name = "Value"; Value = "10u"; VariantName = "[No Variations]"
Change component parameters: Designator = "C32"; Footprint = "SMD-0805C"; UniqueID = "\RFMXKEWQ\MAHLEGGL"
Change component parameters. Clean all parameters for all variants
Change component parameters (AddParameter): Name = "PackageDescription"; Value = "Chip Capacitor"; VariantName = "[No Variations]"
Change component parameters (AddParameter): Name = "PackageReference"; Value = "0805"; VariantName = "[No Variations]"
Change component parameters (AddParameter): Name = "Value"; Value = "10n"; VariantName = "[No Variations]"
Change component parameters: Designator = "C33"; Footprint = "SMD-0805C"; UniqueID = "\RFMXKEWQ\QEPGDEDN"
Change component parameters. Clean all parameters for all variants
Change component parameters (AddParameter): Name = "PackageDescription"; Value = "Chip Capacitor"; VariantName = "[No Variations]"
Change component parameters (AddParameter): Name = "PackageReference"; Value = "0805"; VariantName = "[No Variations]"
Change component parameters (AddParameter): Name = "Value"; Value = "56p"; VariantName = "[No Variations]"
Change component parameters: Designator = "C34"; Footprint = "SMD-0805C"; UniqueID = "\RFMXKEWQ\ORVNBCPC"
Change component parameters. Clean all parameters for all variants
Change component parameters (AddParameter): Name = "PackageDescription"; Value = "Chip Capacitor"; VariantName = "[No Variations]"
Change component parameters (AddParameter): Name = "PackageReference"; Value = "0805"; VariantName = "[No Variations]"
Change component parameters (AddParameter): Name = "Value"; Value = "10p"; VariantName = "[No Variations]"
