Removed Pin From Net: NetName=3.3V Pin=C6-2
Removed Pin From Net: NetName=3.3V Pin=C7-2
Removed Pin From Net: NetName=3.3V Pin=C8-2
Removed Pin From Net: NetName=3.3V Pin=C9-1
Removed Pin From Net: NetName=3.3V Pin=C10-1
Removed Pin From Net: NetName=3.3V Pin=C11-1
Removed Pin From Net: NetName=3.3V Pin=C12-1
Removed Pin From Net: NetName=3.3V Pin=C13-1
Removed Pin From Net: NetName=3.3V Pin=C14-1
Removed Pin From Net: NetName=3.3V Pin=C15-1
Removed Pin From Net: NetName=3.3V Pin=C16-1
Removed Pin From Net: NetName=3.3V Pin=C17-1
Removed Pin From Net: NetName=3.3V Pin=C20-1
Removed Pin From Net: NetName=3.3V Pin=C21-1
Removed Pin From Net: NetName=3.3V Pin=C22-1
Removed Pin From Net: NetName=3.3V Pin=C24-1
Removed Pin From Net: NetName=3.3V Pin=C25-1
Removed Pin From Net: NetName=3.3V Pin=C27-1
Removed Pin From Net: NetName=3.3V Pin=C28-2
Removed Pin From Net: NetName=3.3V Pin=C29-2
Removed Pin From Net: NetName=3.3V Pin=C30-2
Removed Pin From Net: NetName=3.3V Pin=C31-1
Removed Pin From Net: NetName=3.3V Pin=C32-1
Removed Pin From Net: NetName=3.3V Pin=C33-1
Removed Pin From Net: NetName=3.3V Pin=L1-2
Removed Pin From Net: NetName=3.3V Pin=L2-1
Removed Pin From Net: NetName=3.3V Pin=P4-1
Removed Pin From Net: NetName=3.3V Pin=R11-1
Removed Pin From Net: NetName=3.3V Pin=R19-1
Removed Pin From Net: NetName=3.3V Pin=R21-2
Removed Pin From Net: NetName=3.3V Pin=R22-1
Removed Pin From Net: NetName=3.3V Pin=R23-1
Removed Pin From Net: NetName=3.3V Pin=T6-1
Removed Pin From Net: NetName=3.3V Pin=U4-9
Removed Pin From Net: NetName=3.3V Pin=U4-34
Removed Pin From Net: NetName=3.3V Pin=U4-39
Removed Pin From Net: NetName=3.3V Pin=U4-41
Removed Pin From Net: NetName=3.3V Pin=U4-42
Removed Pin From Net: NetName=3.3V Pin=U5-1
Removed Pin From Net: NetName=3.3V Pin=U5-14
Removed Pin From Net: NetName=3.3V Pin=U6-2
Removed Pin From Net: NetName=3.3V Pin=U6-3
Removed Pin From Net: NetName=3.3V Pin=U6-17
Removed Pin From Net: NetName=3.3V Pin=U7-1
Change Net Name : Old Net Name=3.3V New Net Name=GND
Added Pin To Net: NetName=3.3V Pin=C6-2
Added Pin To Net: NetName=3.3V Pin=C7-2
Added Pin To Net: NetName=3.3V Pin=C8-2
Added Pin To Net: NetName=3.3V Pin=C9-1
Added Pin To Net: NetName=3.3V Pin=C10-1
Added Pin To Net: NetName=3.3V Pin=C11-1
Added Pin To Net: NetName=3.3V Pin=C12-1
Added Pin To Net: NetName=3.3V Pin=C13-1
Added Pin To Net: NetName=3.3V Pin=C14-1
Added Pin To Net: NetName=3.3V Pin=C20-1
Added Pin To Net: NetName=3.3V Pin=C21-1
Added Pin To Net: NetName=3.3V Pin=C24-1
Added Pin To Net: NetName=3.3V Pin=C25-1
Added Pin To Net: NetName=3.3V Pin=C27-1
Added Pin To Net: NetName=3.3V Pin=C28-2
Added Pin To Net: NetName=3.3V Pin=C29-2
Added Pin To Net: NetName=3.3V Pin=C30-2
Added Pin To Net: NetName=3.3V Pin=C31-1
Added Pin To Net: NetName=3.3V Pin=C32-1
Added Pin To Net: NetName=3.3V Pin=C33-1
Added Pin To Net: NetName=3.3V Pin=L1-2
Added Pin To Net: NetName=3.3V Pin=L2-1
Added Pin To Net: NetName=3.3V Pin=P4-1
Added Pin To Net: NetName=3.3V Pin=R11-1
Added Pin To Net: NetName=3.3V Pin=R21-2
Added Pin To Net: NetName=3.3V Pin=R22-1
Added Pin To Net: NetName=3.3V Pin=R23-1
Added Pin To Net: NetName=3.3V Pin=T6-1
Added Pin To Net: NetName=3.3V Pin=U4-39
Added Pin To Net: NetName=3.3V Pin=U4-42
Added Pin To Net: NetName=3.3V Pin=U5-1
Added Pin To Net: NetName=3.3V Pin=U5-14
Added Pin To Net: NetName=3.3V Pin=U6-2
Added Pin To Net: NetName=3.3V Pin=U6-3
Added Pin To Net: NetName=3.3V Pin=U6-17
Added Pin To Net: NetName=3.3V Pin=U7-1
Added Net: Name=3.3V
Added Pin To Net: NetName=MCU_AVDD Pin=C15-1
Added Pin To Net: NetName=MCU_AVDD Pin=C16-1
Added Pin To Net: NetName=MCU_AVDD Pin=C17-1
Added Pin To Net: NetName=MCU_AVDD Pin=R19-1
Added Pin To Net: NetName=MCU_AVDD Pin=U4-9
Added Pin To Net: NetName=MCU_AVDD Pin=U4-34
Added Net: Name=MCU_AVDD
Added Pin To Net: NetName=MCU_DE Pin=C22-1
Added Pin To Net: NetName=MCU_DE Pin=U4-41
Added Net: Name=MCU_DE
