Change Component Footprint: Designator=D1 Old Footprint=3.5X2.8X1.9 New Footprint=0603-LED
Change Component Footprint: Designator=D2 Old Footprint=3.5X2.8X1.9 New Footprint=0603-LED
Change Component Comment : Designator=D2 Old Comment=LED3 New Comment=LEDG
Change Component Comment : Designator=D1 Old Comment=LED3 New Comment=LEDR
Change component parameters: Designator = "U3"; Footprint = "SON50P150X100_HS-9N"; UniqueID = "\QYPRNQMS\HBSBCPMH"
Change component parameters. Clean all parameters for all variants
Change component parameters (AddParameter): Name = "datasheet link"; Value = "http://www.ti.com/lit/ds/symlink/tps62822.pdf"; VariantName = "[No Variations]"
Change component parameters (AddParameter): Name = "digikey link"; Value = "https://www.digikey.com/product-detail/en/texas-instruments/TPS62822DLCR/296-50424-1-ND/9685563"; VariantName = "[No Variations]"
Change component parameters (AddParameter): Name = "Digikey number"; Value = "296-50424-1-ND"; VariantName = "[No Variations]"
Change component parameters (AddParameter): Name = "MF"; Value = "Texas Instruments"; VariantName = "[No Variations]"
Change component parameters (AddParameter): Name = "MP"; Value = "TPS62822DLCR"; VariantName = "[No Variations]"
Change component parameters (AddParameter): Name = "Package"; Value = "8-VFDFN"; VariantName = "[No Variations]"
Change component parameters (AddParameter): Name = "Supplier 1"; Value = "Digi-Key"; VariantName = "[No Variations]"
Change component parameters (AddParameter): Name = "Supplier Part Number 1"; Value = "296-50424-1-ND"; VariantName = "[No Variations]"
Change component parameters: Designator = "U4"; Footprint = "QFN50P700X700X90_HS-49N_"; UniqueID = "\KKRQEXHJ\WOPGMURF"
Change component parameters. Clean all parameters for all variants
Change component parameters (AddParameter): Name = "Datasheet link"; Value = "https://www.silabs.com/documents/public/data-sheets/efm32pg12-datasheet.pdf"; VariantName = "[No Variations]"
Change component parameters (AddParameter): Name = "Digikey link"; Value = "https://www.digikey.com/product-detail/en/silicon-labs/EFM32PG12B500F1024GM48-C/336-4419-ND/8186199"; VariantName = "[No Variations]"
Change component parameters (AddParameter): Name = "Digikey part number"; Value = "336-4419-ND"; VariantName = "[No Variations]"
Change component parameters (AddParameter): Name = "MF"; Value = "Silicon Labs"; VariantName = "[No Variations]"
Change component parameters (AddParameter): Name = "MP"; Value = "EFM32PG12B500F1024GM48-C"; VariantName = "[No Variations]"
Change component parameters (AddParameter): Name = "Package"; Value = "48-VFQFN Exposed Pad"; VariantName = "[No Variations]"
Change component parameters (AddParameter): Name = "Price"; Value = "4.43"; VariantName = "[No Variations]"
Change component parameters (AddParameter): Name = "Supplier 1"; Value = "Digi-Key"; VariantName = "[No Variations]"
Change component parameters (AddParameter): Name = "Supplier Part Number 1"; Value = "336-4419-ND"; VariantName = "[No Variations]"
Change component parameters: Designator = "U6"; Footprint = "SAMM8Q010"; UniqueID = "\HRNQDNRE\CKXXRRIG"
Change component parameters. Clean all parameters for all variants
Change component parameters (AddParameter): Name = "datasheet link"; Value = "https://www.u-blox.com/sites/default/files/SAM-M8Q_HardwareIntegrationManual_%28UBX-16018358%29.pdf"; VariantName = "[No Variations]"
Change component parameters (AddParameter): Name = "Digi-Key_Part_Number"; Value = "672-1054-1-ND"; VariantName = "[No Variations]"
Change component parameters (AddParameter): Name = "Digi-Key_Purchase_URL"; Value = "https://www.digikey.com/product-detail/en/u-blox-america-inc/SAM-M8Q-0-10/672-1054-1-ND/7393573"; VariantName = "[No Variations]"
Change component parameters (AddParameter): Name = "MF"; Value = "U-Blox America"; VariantName = "[No Variations]"
Change component parameters (AddParameter): Name = "MP"; Value = "SAM-M8Q-0-10"; VariantName = "[No Variations]"
Change component parameters (AddParameter): Name = "Package"; Value = "20-SMD Module"; VariantName = "[No Variations]"
Change component parameters (AddParameter): Name = "Price"; Value = "25"; VariantName = "[No Variations]"
Change component parameters (AddParameter): Name = "SnapEDA_Link"; Value = "https://www.snapeda.com/parts/SAM-M8Q-0-10/U-Blox%20America/view-part/?ref=search&t=SAM-M8Q-0-10"; VariantName = "[No Variations]"
Change component parameters (AddParameter): Name = "Supplier 1"; Value = "Digi-Key"; VariantName = "[No Variations]"
Change component parameters (AddParameter): Name = "Supplier Part Number 1"; Value = "672-1054-1-ND"; VariantName = "[No Variations]"
Change component parameters (AddParameter): Name = "Value"; Value = ""; VariantName = "[No Variations]"
Change component parameters: Designator = "U1"; Footprint = "*SOP65P640X120-8N"; UniqueID = "\QYPRNQMS\XVKIDQYL"
Change component parameters. Clean all parameters for all variants
Change component parameters (AddParameter): Name = "datasheet link"; Value = "https://www.ti.com/lit/ds/symlink/tps2111a.pdf"; VariantName = "[No Variations]"
Change component parameters (AddParameter): Name = "Digikey link"; Value = "https://www.digikey.com/product-detail/en/texas-instruments/TPS2110APWR/296-16935-1-ND/652789"; VariantName = "[No Variations]"
Change component parameters (AddParameter): Name = "MF"; Value = "Texas Instruments"; VariantName = "[No Variations]"
Change component parameters (AddParameter): Name = "MP"; Value = "TPS2110APWR"; VariantName = "[No Variations]"
Change component parameters (AddParameter): Name = "Package"; Value = "TSSOP-8 Texas Instruments"; VariantName = "[No Variations]"
Change component parameters (AddParameter): Name = "Price"; Value = "2.34"; VariantName = "[No Variations]"
Change component parameters (AddParameter): Name = "SnapEDA_Link"; Value = "https://www.snapeda.com/parts/TPS2111APW/Texas%20Instruments/view-part/299213/?ref=snap"; VariantName = "[No Variations]"
Change component parameters (AddParameter): Name = "Supplier 1"; Value = "Digi-Key"; VariantName = "[No Variations]"
Change component parameters (AddParameter): Name = "Supplier Part Number 1"; Value = "296-26917-5-ND"; VariantName = "[No Variations]"
Change component parameters (AddParameter): Name = "Value"; Value = ""; VariantName = "[No Variations]"
Change component parameters: Designator = "U2"; Footprint = "*QFN50P300X300X100-17N"; UniqueID = "\QYPRNQMS\PIETAVEV"
Change component parameters. Clean all parameters for all variants
Change component parameters (AddParameter): Name = "Datasheet link"; Value = "http://www.ti.com/lit/ds/symlink/bq24079.pdf"; VariantName = "[No Variations]"
Change component parameters (AddParameter): Name = "Digikey link"; Value = "https://www.digikey.com/product-detail/en/texas-instruments/BQ24079RGTR/296-24815-1-ND/2094655"; VariantName = "[No Variations]"
Change component parameters (AddParameter): Name = "MF"; Value = "Texas Instruments"; VariantName = "[No Variations]"
Change component parameters (AddParameter): Name = "MP"; Value = "BQ24079RGTR"; VariantName = "[No Variations]"
Change component parameters (AddParameter): Name = "Package"; Value = "16-VFQFN Exposed Pad"; VariantName = "[No Variations]"
Change component parameters (AddParameter): Name = "Price"; Value = "2.21"; VariantName = "[No Variations]"
Change component parameters (AddParameter): Name = "SnapEDA_Link"; Value = "https://www.snapeda.com/parts/BQ24079TRGTR/Texas%20Instruments/view-part/144669/?ref=snap"; VariantName = "[No Variations]"
Change component parameters (AddParameter): Name = "Supplier 1"; Value = "Digi-Key"; VariantName = "[No Variations]"
Change component parameters (AddParameter): Name = "Supplier Part Number 1"; Value = "296-24815-1-ND"; VariantName = "[No Variations]"
Change component parameters (AddParameter): Name = "Value"; Value = ""; VariantName = "[No Variations]"
Change component parameters: Designator = "U5"; Footprint = "*QFN-16_0.5MM"; UniqueID = "\LOOIIVTV\XOQSPJNV"
Change component parameters. Clean all parameters for all variants
Change component parameters (AddParameter): Name = "Availability"; Value = "Unavailable"; VariantName = "[No Variations]"
Change component parameters (AddParameter): Name = "Datasheet link"; Value = "https://www.nxp.com/docs/en/data-sheet/MMA8451Q.pdf"; VariantName = "[No Variations]"
Change component parameters (AddParameter): Name = "Digikey link"; Value = "https://www.digikey.com/product-detail/en/nxp-usa-inc/MMA8452QR1/MMA8452QR1TR-ND/2508917"; VariantName = "[No Variations]"
Change component parameters (AddParameter): Name = "MF"; Value = "NXP Semiconductors"; VariantName = "[No Variations]"
Change component parameters (AddParameter): Name = "MP"; Value = "MMA8452QR1"; VariantName = "[No Variations]"
Change component parameters (AddParameter): Name = "Package"; Value = "16-VFQFN"; VariantName = "[No Variations]"
Change component parameters (AddParameter): Name = "Price"; Value = "1.147"; VariantName = "[No Variations]"
Change component parameters (AddParameter): Name = "SnapEDA_Link"; Value = "https://www.snapeda.com/parts/MMA8452Q/NXP%20Semiconductors/view-part/4219708/?ref=snap"; VariantName = "[No Variations]"
Change component parameters (AddParameter): Name = "Supplier 1"; Value = "Digi-Key"; VariantName = "[No Variations]"
Change component parameters (AddParameter): Name = "Supplier Part Number 1"; Value = "MMA8452QR1CT-ND"; VariantName = "[No Variations]"
Change component parameters (AddParameter): Name = "Value"; Value = ""; VariantName = "[No Variations]"
Change component parameters: Designator = "D1"; Footprint = "0603-LED"; UniqueID = "\QYPRNQMS\QCJNXWFT"
Change component parameters. Clean all parameters for all variants
Change component parameters (AddParameter): Name = "Supplier 1"; Value = "Digi-Key"; VariantName = "[No Variations]"
Change component parameters (AddParameter): Name = "Supplier Part Number 1"; Value = "160-1181-6-ND"; VariantName = "[No Variations]"
Change component parameters: Designator = "D2"; Footprint = "0603-LED"; UniqueID = "\QYPRNQMS\XTDDPTWK"
Change component parameters. Clean all parameters for all variants
Change component parameters (AddParameter): Name = "Supplier 1"; Value = "Digi-Key"; VariantName = "[No Variations]"
Change component parameters (AddParameter): Name = "Supplier Part Number 1"; Value = "160-1183-6-ND"; VariantName = "[No Variations]"
