Removed Pin From Net: NetName=GND Pin=C26-1
Removed Pin From Net: NetName=3.3V Pin=C26-2
Removed Pin From Net: NetName=GND Pin=C27-1
Removed Pin From Net: NetName=3.3V Pin=C27-2
Removed Pin From Net: NetName=GND Pin=C28-1
Removed Pin From Net: NetName=NetC28_2 Pin=C28-2
Removed Pin From Net: NetName=GND Pin=C29-1
Removed Pin From Net: NetName=3.3V Pin=C29-2
Removed Pin From Net: NetName=GND Pin=C30-1
Removed Pin From Net: NetName=3.3V Pin=C30-2
Removed Pin From Net: NetName=GND Pin=C31-1
Removed Pin From Net: NetName=3.3V Pin=C31-2
Removed Pin From Net: NetName=GND Pin=C32-1
Removed Pin From Net: NetName=3.3V Pin=C32-2
Removed Pin From Net: NetName=GND Pin=C33-1
Removed Pin From Net: NetName=3.3V Pin=C33-2
Removed Pin From Net: NetName=ACC_SCL Pin=R16-1
Removed Pin From Net: NetName=3.3V Pin=R16-2
Removed Pin From Net: NetName=ACC_SDA Pin=R17-1
Removed Pin From Net: NetName=3.3V Pin=R17-2
Removed Pin From Net: NetName=NetR19_1 Pin=R19-1
Removed Pin From Net: NetName=GPS_TX Pin=R19-2
Removed Pin From Net: NetName=NetR20_1 Pin=R20-1
Removed Pin From Net: NetName=GPS_RX Pin=R20-2
Removed Pin From Net: NetName=GND Pin=U5-7
Change Component Footprint: Designator=L1 Old Footprint=0402-A New Footprint=INDC4532
Change Component Footprint: Designator=C7 Old Footprint=1608[0603] New Footprint=SMD-0603C
Change Component Footprint: Designator=C8 Old Footprint=1608[0603] New Footprint=SMD-0603C
Change Component Footprint: Designator=C11 Old Footprint=1608[0603] New Footprint=SMD-0603C
Change Component Footprint: Designator=C12 Old Footprint=1608[0603] New Footprint=SMD-0603C
Change Component Footprint: Designator=C13 Old Footprint=1608[0603] New Footprint=SMD-0603C
Change Component Footprint: Designator=C14 Old Footprint=1608[0603] New Footprint=SMD-0603C
Change Component Footprint: Designator=C15 Old Footprint=1608[0603] New Footprint=SMD-0603C
Change Component Footprint: Designator=C16 Old Footprint=1608[0603] New Footprint=SMD-0603C
Change Component Footprint: Designator=C17 Old Footprint=1608[0603] New Footprint=SMD-0603C
Change Component Footprint: Designator=C18 Old Footprint=1608[0603] New Footprint=SMD-0603C
Change Component Footprint: Designator=C19 Old Footprint=1608[0603] New Footprint=SMD-0603C
Change Component Footprint: Designator=C20 Old Footprint=1608[0603] New Footprint=SMD-0603C
Change Component Footprint: Designator=C21 Old Footprint=1608[0603] New Footprint=SMD-0603C
Change Component Footprint: Designator=C22 Old Footprint=1608[0603] New Footprint=SMD-0603C
Change Component Footprint: Designator=C23 Old Footprint=1608[0603] New Footprint=SMD-0603C
Change Component Footprint: Designator=C24 Old Footprint=1608[0603] New Footprint=SMD-0603C
Change Component Footprint: Designator=C25 Old Footprint=1608[0603] New Footprint=SMD-0603C
Change Component Footprint: Designator=C26 Old Footprint=1608[0603] New Footprint=SMD-0603C
Change Component Footprint: Designator=C27 Old Footprint=1608[0603] New Footprint=SMD-0603C
Change Component Footprint: Designator=C28 Old Footprint=1608[0603] New Footprint=SMD-0603C
Change Component Footprint: Designator=C29 Old Footprint=1608[0603] New Footprint=SMD-0603C
Change Component Footprint: Designator=C30 Old Footprint=1608[0603] New Footprint=SMD-0603C
Change Component Footprint: Designator=C31 Old Footprint=1608[0603] New Footprint=SMD-0603C
Change Component Footprint: Designator=C32 Old Footprint=1608[0603] New Footprint=SMD-0603C
Change Component Footprint: Designator=C33 Old Footprint=1608[0603] New Footprint=SMD-0603C
Change Component Footprint: Designator=C4 Old Footprint=1608[0603] New Footprint=SMD-0805C
Change Component Footprint: Designator=C5 Old Footprint=1608[0603] New Footprint=SMD-0805C
Change Component Footprint: Designator=C6 Old Footprint=1608[0603] New Footprint=SMD-0805C
Change Component Footprint: Designator=C1 Old Footprint=1608[0603] New Footprint=SMD-1206C
Change Component Footprint: Designator=C2 Old Footprint=1608[0603] New Footprint=SMD-1206C
Change Component Footprint: Designator=C9 Old Footprint=C1210 New Footprint=SMD-1210C
Change Component Footprint: Designator=C10 Old Footprint=C1210 New Footprint=SMD-1210C
Change Component Footprint: Designator=R5 Old Footprint=J1-0603 New Footprint=SMD-0603C
Change Component Footprint: Designator=R6 Old Footprint=J1-0603 New Footprint=SMD-0603C
Change Component Footprint: Designator=R7 Old Footprint=J1-0603 New Footprint=SMD-0603C
Change Component Footprint: Designator=R8 Old Footprint=J1-0603 New Footprint=SMD-0603C
Change Component Footprint: Designator=R9 Old Footprint=J1-0603 New Footprint=SMD-0603C
Change Component Footprint: Designator=R10 Old Footprint=J1-0603 New Footprint=SMD-0603C
Change Component Footprint: Designator=R14 Old Footprint=J1-0603 New Footprint=SMD-0603C
Change Component Footprint: Designator=R15 Old Footprint=J1-0603 New Footprint=SMD-0603C
Change Component Footprint: Designator=R16 Old Footprint=J1-0603 New Footprint=SMD-0603C
Change Component Footprint: Designator=R17 Old Footprint=J1-0603 New Footprint=SMD-0603C
Change Component Footprint: Designator=R18 Old Footprint=J1-0603 New Footprint=SMD-0603C
Change Component Footprint: Designator=R19 Old Footprint=J1-0603 New Footprint=SMD-0603C
Change Component Footprint: Designator=R20 Old Footprint=J1-0603 New Footprint=SMD-0603C
Change component parameters: Designator = "C3"; Footprint = "CAPR5-4X5"; UniqueID = "\QYPRNQMS\AUTKTRFT"
Change component parameters. Clean all parameters for all variants
Change component parameters (AddParameter): Name = "PackageDescription"; Value = "Capacitor; 2 Leads"; VariantName = "[No Variations]"
Change component parameters (AddParameter): Name = "PackageReference"; Value = "CAPR5-4X5"; VariantName = "[No Variations]"
Change component parameters (AddParameter): Name = "Published"; Value = "23-Sep-2002"; VariantName = "[No Variations]"
Change component parameters (AddParameter): Name = "Publisher"; Value = "Altium Limited"; VariantName = "[No Variations]"
Change component parameters (AddParameter): Name = "Value"; Value = "100uF"; VariantName = "[No Variations]"
Change component parameters: Designator = "R3"; Footprint = "SMD-0805-RES"; UniqueID = "\QYPRNQMS\GLSCWRKR"
Change component parameters. Clean all parameters for all variants
Change component parameters (AddParameter): Name = "PackageDescription"; Value = "Chip Resistor"; VariantName = "[No Variations]"
Change component parameters (AddParameter): Name = "PackageReference"; Value = "0805"; VariantName = "[No Variations]"
Change component parameters (AddParameter): Name = "Published"; Value = "8-Jun-2000"; VariantName = "[No Variations]"
Change component parameters (AddParameter): Name = "Publisher"; Value = "Altium Limited"; VariantName = "[No Variations]"
Change component parameters (AddParameter): Name = "Value"; Value = "400"; VariantName = "[No Variations]"
Change component parameters: Designator = "C34"; Footprint = "SMD-0603C"; UniqueID = "\RFMXKEWQ\ORVNBCPC"
Change component parameters. Clean all parameters for all variants
Change component parameters (AddParameter): Name = "PackageDescription"; Value = "Chip Capacitor"; VariantName = "[No Variations]"
Change component parameters (AddParameter): Name = "PackageReference"; Value = "0603"; VariantName = "[No Variations]"
Change component parameters (AddParameter): Name = "Value"; Value = "10p"; VariantName = "[No Variations]"
Change component parameters: Designator = "C11"; Footprint = "SMD-0603C"; UniqueID = "\KKRQEXHJ\ISYKBMJK"
Change component parameters. Clean all parameters for all variants
Change component parameters (AddParameter): Name = "PackageDescription"; Value = "Chip Capacitor"; VariantName = "[No Variations]"
Change component parameters (AddParameter): Name = "PackageReference"; Value = "0603"; VariantName = "[No Variations]"
Change component parameters (AddParameter): Name = "Value"; Value = "10u"; VariantName = "[No Variations]"
Change component parameters: Designator = "C13"; Footprint = "SMD-0603C"; UniqueID = "\KKRQEXHJ\LHRKBMWD"
Change component parameters. Clean all parameters for all variants
Change component parameters (AddParameter): Name = "PackageDescription"; Value = "Chip Capacitor"; VariantName = "[No Variations]"
Change component parameters (AddParameter): Name = "PackageReference"; Value = "0603"; VariantName = "[No Variations]"
Change component parameters (AddParameter): Name = "Value"; Value = "10n"; VariantName = "[No Variations]"
Change component parameters: Designator = "C14"; Footprint = "SMD-0603C"; UniqueID = "\KKRQEXHJ\OXEVYQDU"
Change component parameters. Clean all parameters for all variants
Change component parameters (AddParameter): Name = "PackageDescription"; Value = "Chip Capacitor"; VariantName = "[No Variations]"
Change component parameters (AddParameter): Name = "PackageReference"; Value = "0603"; VariantName = "[No Variations]"
Change component parameters (AddParameter): Name = "Value"; Value = "10n"; VariantName = "[No Variations]"
Change component parameters: Designator = "C15"; Footprint = "SMD-0603C"; UniqueID = "\KKRQEXHJ\YDFOWJLW"
Change component parameters. Clean all parameters for all variants
Change component parameters (AddParameter): Name = "PackageDescription"; Value = "Chip Capacitor"; VariantName = "[No Variations]"
Change component parameters (AddParameter): Name = "PackageReference"; Value = "0603"; VariantName = "[No Variations]"
Change component parameters (AddParameter): Name = "Value"; Value = "10n"; VariantName = "[No Variations]"
Change component parameters: Designator = "C16"; Footprint = "SMD-0603C"; UniqueID = "\KKRQEXHJ\DBLMDLXP"
Change component parameters. Clean all parameters for all variants
Change component parameters (AddParameter): Name = "PackageDescription"; Value = "Chip Capacitor"; VariantName = "[No Variations]"
Change component parameters (AddParameter): Name = "PackageReference"; Value = "0603"; VariantName = "[No Variations]"
Change component parameters (AddParameter): Name = "Value"; Value = "10n"; VariantName = "[No Variations]"
Change component parameters: Designator = "C17"; Footprint = "SMD-0603C"; UniqueID = "\KKRQEXHJ\HUPXOUPA"
Change component parameters. Clean all parameters for all variants
Change component parameters (AddParameter): Name = "PackageDescription"; Value = "Chip Capacitor"; VariantName = "[No Variations]"
Change component parameters (AddParameter): Name = "PackageReference"; Value = "0603"; VariantName = "[No Variations]"
Change component parameters (AddParameter): Name = "Value"; Value = "10u"; VariantName = "[No Variations]"
Change component parameters: Designator = "C18"; Footprint = "SMD-0603C"; UniqueID = "\KKRQEXHJ\XPGBLFSI"
Change component parameters. Clean all parameters for all variants
Change component parameters (AddParameter): Name = "PackageDescription"; Value = "Chip Capacitor"; VariantName = "[No Variations]"
Change component parameters (AddParameter): Name = "PackageReference"; Value = "0603"; VariantName = "[No Variations]"
Change component parameters (AddParameter): Name = "Value"; Value = "10n"; VariantName = "[No Variations]"
Change component parameters: Designator = "C19"; Footprint = "SMD-0603C"; UniqueID = "\KKRQEXHJ\HJWLXFES"
Change component parameters. Clean all parameters for all variants
Change component parameters (AddParameter): Name = "PackageDescription"; Value = "Chip Capacitor"; VariantName = "[No Variations]"
Change component parameters (AddParameter): Name = "PackageReference"; Value = "0603"; VariantName = "[No Variations]"
Change component parameters (AddParameter): Name = "Value"; Value = "10n"; VariantName = "[No Variations]"
Change component parameters: Designator = "C12"; Footprint = "SMD-0603C"; UniqueID = "\KKRQEXHJ\QGTOHMOD"
Change component parameters. Clean all parameters for all variants
Change component parameters (AddParameter): Name = "PackageDescription"; Value = "Chip Capacitor"; VariantName = "[No Variations]"
Change component parameters (AddParameter): Name = "PackageReference"; Value = "0603"; VariantName = "[No Variations]"
Change component parameters (AddParameter): Name = "Value"; Value = "1u"; VariantName = "[No Variations]"
Change component parameters: Designator = "C20"; Footprint = "SMD-0603C"; UniqueID = "\KKRQEXHJ\TCCCVAIG"
Change component parameters. Clean all parameters for all variants
Change component parameters (AddParameter): Name = "PackageDescription"; Value = "Chip Capacitor"; VariantName = "[No Variations]"
Change component parameters (AddParameter): Name = "PackageReference"; Value = "0603"; VariantName = "[No Variations]"
Change component parameters (AddParameter): Name = "Value"; Value = "1u"; VariantName = "[No Variations]"
Change component parameters: Designator = "C21"; Footprint = "SMD-0603C"; UniqueID = "\KKRQEXHJ\VUDGTQDK"
Change component parameters. Clean all parameters for all variants
Change component parameters (AddParameter): Name = "PackageDescription"; Value = "Chip Capacitor"; VariantName = "[No Variations]"
Change component parameters (AddParameter): Name = "PackageReference"; Value = "0603"; VariantName = "[No Variations]"
Change component parameters (AddParameter): Name = "Value"; Value = "100n"; VariantName = "[No Variations]"
Change component parameters: Designator = "C22"; Footprint = "SMD-0603C"; UniqueID = "\KKRQEXHJ\FKTIYEXC"
Change component parameters. Clean all parameters for all variants
Change component parameters (AddParameter): Name = "PackageDescription"; Value = "Chip Capacitor"; VariantName = "[No Variations]"
Change component parameters (AddParameter): Name = "PackageReference"; Value = "0603"; VariantName = "[No Variations]"
Change component parameters (AddParameter): Name = "Value"; Value = "4.7u"; VariantName = "[No Variations]"
Change component parameters: Designator = "C23"; Footprint = "SMD-0603C"; UniqueID = "\KKRQEXHJ\QLTOWSMO"
Change component parameters. Clean all parameters for all variants
Change component parameters (AddParameter): Name = "PackageDescription"; Value = "Chip Capacitor"; VariantName = "[No Variations]"
Change component parameters (AddParameter): Name = "PackageReference"; Value = "0603"; VariantName = "[No Variations]"
Change component parameters (AddParameter): Name = "Value"; Value = "1u"; VariantName = "[No Variations]"
Change component parameters: Designator = "C24"; Footprint = "SMD-0603C"; UniqueID = "\KKRQEXHJ\SDDMTKVI"
Change component parameters. Clean all parameters for all variants
Change component parameters (AddParameter): Name = "PackageDescription"; Value = "Chip Capacitor"; VariantName = "[No Variations]"
Change component parameters (AddParameter): Name = "PackageReference"; Value = "0603"; VariantName = "[No Variations]"
Change component parameters (AddParameter): Name = "Value"; Value = "10u"; VariantName = "[No Variations]"
Change component parameters: Designator = "C25"; Footprint = "SMD-0603C"; UniqueID = "\KKRQEXHJ\DKBFYJUO"
Change component parameters. Clean all parameters for all variants
Change component parameters (AddParameter): Name = "PackageDescription"; Value = "Chip Capacitor"; VariantName = "[No Variations]"
Change component parameters (AddParameter): Name = "PackageReference"; Value = "0603"; VariantName = "[No Variations]"
Change component parameters (AddParameter): Name = "Value"; Value = "100n"; VariantName = "[No Variations]"
Change component parameters: Designator = "C26"; Footprint = "SMD-0603C"; UniqueID = "\LOOIIVTV\SUGOSLXH"
Change component parameters. Clean all parameters for all variants
Change component parameters (AddParameter): Name = "PackageDescription"; Value = "Chip Capacitor"; VariantName = "[No Variations]"
Change component parameters (AddParameter): Name = "PackageReference"; Value = "0603"; VariantName = "[No Variations]"
Change component parameters (AddParameter): Name = "Value"; Value = "0.1u"; VariantName = "[No Variations]"
Change component parameters: Designator = "C27"; Footprint = "SMD-0603C"; UniqueID = "\LOOIIVTV\CBNNGTPH"
Change component parameters. Clean all parameters for all variants
Change component parameters (AddParameter): Name = "PackageDescription"; Value = "Chip Capacitor"; VariantName = "[No Variations]"
Change component parameters (AddParameter): Name = "PackageReference"; Value = "0603"; VariantName = "[No Variations]"
Change component parameters (AddParameter): Name = "Value"; Value = "4.7u"; VariantName = "[No Variations]"
Change component parameters: Designator = "C28"; Footprint = "SMD-0603C"; UniqueID = "\LOOIIVTV\KNRPOLFH"
Change component parameters. Clean all parameters for all variants
Change component parameters (AddParameter): Name = "PackageDescription"; Value = "Chip Capacitor"; VariantName = "[No Variations]"
Change component parameters (AddParameter): Name = "PackageReference"; Value = "0603"; VariantName = "[No Variations]"
Change component parameters (AddParameter): Name = "Value"; Value = "0.1u"; VariantName = "[No Variations]"
Change component parameters: Designator = "C29"; Footprint = "SMD-0603C"; UniqueID = "\HRNQDNRE\YHYSCXTI"
Change component parameters. Clean all parameters for all variants
Change component parameters (AddParameter): Name = "PackageDescription"; Value = "Chip Capacitor"; VariantName = "[No Variations]"
Change component parameters (AddParameter): Name = "PackageReference"; Value = "0603"; VariantName = "[No Variations]"
Change component parameters (AddParameter): Name = "Value"; Value = "4.7u"; VariantName = "[No Variations]"
Change component parameters: Designator = "C30"; Footprint = "SMD-0603C"; UniqueID = "\RFMXKEWQ\NHMWFCFP"
Change component parameters. Clean all parameters for all variants
Change component parameters (AddParameter): Name = "PackageDescription"; Value = "Chip Capacitor"; VariantName = "[No Variations]"
Change component parameters (AddParameter): Name = "PackageReference"; Value = "0603"; VariantName = "[No Variations]"
Change component parameters (AddParameter): Name = "Value"; Value = "100u"; VariantName = "[No Variations]"
Change component parameters: Designator = "C31"; Footprint = "SMD-0603C"; UniqueID = "\RFMXKEWQ\LEKNXHLV"
Change component parameters. Clean all parameters for all variants
Change component parameters (AddParameter): Name = "PackageDescription"; Value = "Chip Capacitor"; VariantName = "[No Variations]"
Change component parameters (AddParameter): Name = "PackageReference"; Value = "0603"; VariantName = "[No Variations]"
Change component parameters (AddParameter): Name = "Value"; Value = "10u"; VariantName = "[No Variations]"
Change component parameters: Designator = "C32"; Footprint = "SMD-0603C"; UniqueID = "\RFMXKEWQ\MAHLEGGL"
Change component parameters. Clean all parameters for all variants
Change component parameters (AddParameter): Name = "PackageDescription"; Value = "Chip Capacitor"; VariantName = "[No Variations]"
Change component parameters (AddParameter): Name = "PackageReference"; Value = "0603"; VariantName = "[No Variations]"
Change component parameters (AddParameter): Name = "Value"; Value = "10n"; VariantName = "[No Variations]"
Change component parameters: Designator = "C33"; Footprint = "SMD-0603C"; UniqueID = "\RFMXKEWQ\QEPGDEDN"
Change component parameters. Clean all parameters for all variants
Change component parameters (AddParameter): Name = "PackageDescription"; Value = "Chip Capacitor"; VariantName = "[No Variations]"
Change component parameters (AddParameter): Name = "PackageReference"; Value = "0603"; VariantName = "[No Variations]"
Change component parameters (AddParameter): Name = "Value"; Value = "56p"; VariantName = "[No Variations]"
Change component parameters: Designator = "C1"; Footprint = "SMD-1206C"; UniqueID = "\QYPRNQMS\DTGMLRFW"
Change component parameters. Clean all parameters for all variants
Change component parameters (AddParameter): Name = "Digikey link"; Value = "https://www.digikey.com/product-detail/en/yageo/CC1206KRX7R9BB104/311-1179-1-ND/303089"; VariantName = "[No Variations]"
Change component parameters (AddParameter): Name = "Digikey part number"; Value = "311-1179-1-ND"; VariantName = "[No Variations]"
Change component parameters (AddParameter): Name = "MF"; Value = "Yageo"; VariantName = "[No Variations]"
Change component parameters (AddParameter): Name = "MP"; Value = "CC1206KRX7R9BB104"; VariantName = "[No Variations]"
Change component parameters (AddParameter): Name = "PackageDescription"; Value = "Chip Capacitor"; VariantName = "[No Variations]"
Change component parameters (AddParameter): Name = "PackageReference"; Value = "C1206"; VariantName = "[No Variations]"
Change component parameters (AddParameter): Name = "Publisher"; Value = "Altium Limited"; VariantName = "[No Variations]"
Change component parameters (AddParameter): Name = "Value"; Value = "0.1uF"; VariantName = "[No Variations]"
Change component parameters: Designator = "C2"; Footprint = "SMD-1206C"; UniqueID = "\QYPRNQMS\KWCENWHC"
Change component parameters. Clean all parameters for all variants
Change component parameters (AddParameter): Name = "Digikey link"; Value = "https://www.digikey.com/product-detail/en/yageo/CC1206KRX7R9BB104/311-1179-1-ND/303089"; VariantName = "[No Variations]"
Change component parameters (AddParameter): Name = "Digikey part number"; Value = "311-1179-1-ND"; VariantName = "[No Variations]"
Change component parameters (AddParameter): Name = "MF"; Value = "Yageo"; VariantName = "[No Variations]"
Change component parameters (AddParameter): Name = "MP"; Value = "CC1206KRX7R9BB104"; VariantName = "[No Variations]"
Change component parameters (AddParameter): Name = "PackageDescription"; Value = "Chip Capacitor"; VariantName = "[No Variations]"
Change component parameters (AddParameter): Name = "PackageReference"; Value = "C1206"; VariantName = "[No Variations]"
Change component parameters (AddParameter): Name = "Publisher"; Value = "Altium Limited"; VariantName = "[No Variations]"
Change component parameters (AddParameter): Name = "Value"; Value = "0.1uF"; VariantName = "[No Variations]"
Change component parameters: Designator = "C7"; Footprint = "SMD-0603C"; UniqueID = "\QYPRNQMS\YCIDMXCH"
Change component parameters. Clean all parameters for all variants
Change component parameters (AddParameter): Name = "PackageDescription"; Value = "Chip Capacitor"; VariantName = "[No Variations]"
Change component parameters (AddParameter): Name = "PackageReference"; Value = "0603"; VariantName = "[No Variations]"
Change component parameters (AddParameter): Name = "Temp"; Value = "X5R"; VariantName = "[No Variations]"
Change component parameters (AddParameter): Name = "Tolorance"; Value = "20%"; VariantName = "[No Variations]"
Change component parameters (AddParameter): Name = "Type"; Value = "ceramic"; VariantName = "[No Variations]"
Change component parameters (AddParameter): Name = "Value"; Value = "4.7uF"; VariantName = "[No Variations]"
Change component parameters (AddParameter): Name = "Voltage"; Value = "6.3"; VariantName = "[No Variations]"
Change component parameters: Designator = "R18"; Footprint = "SMD-0603C"; UniqueID = "\LOOIIVTV\RVSOVPPF"
Change component parameters. Clean all parameters for all variants
Change component parameters (AddParameter): Name = "MF"; Value = "STD"; VariantName = "[No Variations]"
Change component parameters (AddParameter): Name = "MP"; Value = "STD"; VariantName = "[No Variations]"
Change component parameters (AddParameter): Name = "PackageDescription"; Value = "Chip Resistor"; VariantName = "[No Variations]"
Change component parameters (AddParameter): Name = "PackageReference"; Value = "0603"; VariantName = "[No Variations]"
Change component parameters (AddParameter): Name = "Value"; Value = "10K"; VariantName = "[No Variations]"
Change component parameters: Designator = "R8"; Footprint = "SMD-0603C"; UniqueID = "\QYPRNQMS\GOLGFIUA"
Change component parameters. Clean all parameters for all variants
Change component parameters (AddParameter): Name = "MF"; Value = "STD"; VariantName = "[No Variations]"
Change component parameters (AddParameter): Name = "MP"; Value = "STD"; VariantName = "[No Variations]"
Change component parameters (AddParameter): Name = "PackageDescription"; Value = "Chip Resistor"; VariantName = "[No Variations]"
Change component parameters (AddParameter): Name = "PackageReference"; Value = "0603"; VariantName = "[No Variations]"
Change component parameters (AddParameter): Name = "Publisher"; Value = "Altium Limited"; VariantName = "[No Variations]"
Change component parameters (AddParameter): Name = "Value"; Value = "10K"; VariantName = "[No Variations]"
Change component parameters: Designator = "R1"; Footprint = "SMD-0805-RES"; UniqueID = "\QYPRNQMS\DKYUGPHN"
Change component parameters. Clean all parameters for all variants
Change component parameters (AddParameter): Name = "Digikey link"; Value = "https://www.digikey.com/product-detail/en/koa-speer-electronics-inc/RK73H2ATTD5101F/2019-RK73H2ATTD5101FCT-ND/10235443"; VariantName = "[No Variations]"
Change component parameters (AddParameter): Name = "Digikey part number"; Value = "2019-RK73H2ATTD5101FCT-ND"; VariantName = "[No Variations]"
Change component parameters (AddParameter): Name = "MF"; Value = "KOA Speer Electronics, Inc."; VariantName = "[No Variations]"
Change component parameters (AddParameter): Name = "MP"; Value = "RK73H2ATTD5101F"; VariantName = "[No Variations]"
Change component parameters (AddParameter): Name = "PackageDescription"; Value = "Chip Resistor"; VariantName = "[No Variations]"
Change component parameters (AddParameter): Name = "PackageReference"; Value = "0805"; VariantName = "[No Variations]"
Change component parameters (AddParameter): Name = "Published"; Value = "8-Jun-2000"; VariantName = "[No Variations]"
Change component parameters (AddParameter): Name = "Publisher"; Value = "Altium Limited"; VariantName = "[No Variations]"
Change component parameters (AddParameter): Name = "Value"; Value = "5.1K"; VariantName = "[No Variations]"
Change component parameters: Designator = "R2"; Footprint = "SMD-0805-RES"; UniqueID = "\QYPRNQMS\URHVLCQD"
Change component parameters. Clean all parameters for all variants
Change component parameters (AddParameter): Name = "Digikey link"; Value = "https://www.digikey.com/product-detail/en/koa-speer-electronics-inc/RK73H2ATTD5101F/2019-RK73H2ATTD5101FCT-ND/10235443"; VariantName = "[No Variations]"
Change component parameters (AddParameter): Name = "Digikey part number"; Value = "2019-RK73H2ATTD5101FCT-ND"; VariantName = "[No Variations]"
Change component parameters (AddParameter): Name = "MF"; Value = "KOA Speer Electronics, Inc."; VariantName = "[No Variations]"
Change component parameters (AddParameter): Name = "MP"; Value = "RK73H2ATTD5101F"; VariantName = "[No Variations]"
Change component parameters (AddParameter): Name = "PackageDescription"; Value = "Chip Resistor"; VariantName = "[No Variations]"
Change component parameters (AddParameter): Name = "PackageReference"; Value = "0805"; VariantName = "[No Variations]"
Change component parameters (AddParameter): Name = "Published"; Value = "8-Jun-2000"; VariantName = "[No Variations]"
Change component parameters (AddParameter): Name = "Publisher"; Value = "Altium Limited"; VariantName = "[No Variations]"
Change component parameters (AddParameter): Name = "Value"; Value = "5.1K"; VariantName = "[No Variations]"
Change component parameters: Designator = "R11"; Footprint = "J1-0603"; UniqueID = "\QYPRNQMS\BXEGHFMA"
Change component parameters. Clean all parameters for all variants
Change component parameters (AddParameter): Name = "Digikey link"; Value = "https://www.digikey.com/product-detail/en/susumu/RR1220P-104-D/RR12P100KDCT-ND/432878"; VariantName = "[No Variations]"
Change component parameters (AddParameter): Name = "Digikey part number"; Value = "RR12P100KDCT-ND"; VariantName = "[No Variations]"
Change component parameters (AddParameter): Name = "Manufacturer"; Value = "Standard"; VariantName = "[No Variations]"
Change component parameters (AddParameter): Name = "MF"; Value = "Susumu"; VariantName = "[No Variations]"
Change component parameters (AddParameter): Name = "MP"; Value = "RR1220P-104-D"; VariantName = "[No Variations]"
Change component parameters (AddParameter): Name = "PackageDescription"; Value = "Chip Resistor"; VariantName = "[No Variations]"
Change component parameters (AddParameter): Name = "PackageReference"; Value = "J1-0603"; VariantName = "[No Variations]"
Change component parameters (AddParameter): Name = "Power"; Value = "100mW"; VariantName = "[No Variations]"
Change component parameters (AddParameter): Name = "Tolorance"; Value = "0.1%"; VariantName = "[No Variations]"
Change component parameters (AddParameter): Name = "Value"; Value = "100K"; VariantName = "[No Variations]"
Change component parameters: Designator = "R5"; Footprint = "SMD-0603C"; UniqueID = "\QYPRNQMS\CBBFGQXX"
Change component parameters. Clean all parameters for all variants
Change component parameters (AddParameter): Name = "MF"; Value = "STD"; VariantName = "[No Variations]"
Change component parameters (AddParameter): Name = "MP"; Value = "STD"; VariantName = "[No Variations]"
Change component parameters (AddParameter): Name = "PackageDescription"; Value = "Chip Resistor"; VariantName = "[No Variations]"
Change component parameters (AddParameter): Name = "PackageReference"; Value = "0603"; VariantName = "[No Variations]"
Change component parameters (AddParameter): Name = "Value"; Value = "1k"; VariantName = "[No Variations]"
Change component parameters: Designator = "R6"; Footprint = "SMD-0603C"; UniqueID = "\QYPRNQMS\LJBBOTKQ"
Change component parameters. Clean all parameters for all variants
Change component parameters (AddParameter): Name = "MF"; Value = "STD"; VariantName = "[No Variations]"
Change component parameters (AddParameter): Name = "MP"; Value = "STD"; VariantName = "[No Variations]"
Change component parameters (AddParameter): Name = "PackageDescription"; Value = "Chip Resistor"; VariantName = "[No Variations]"
Change component parameters (AddParameter): Name = "PackageReference"; Value = "0603"; VariantName = "[No Variations]"
Change component parameters (AddParameter): Name = "Value"; Value = "1.07k"; VariantName = "[No Variations]"
Change component parameters: Designator = "R7"; Footprint = "SMD-0603C"; UniqueID = "\QYPRNQMS\QVMHIPEN"
Change component parameters. Clean all parameters for all variants
Change component parameters (AddParameter): Name = "MF"; Value = "STD"; VariantName = "[No Variations]"
Change component parameters (AddParameter): Name = "MP"; Value = "STD"; VariantName = "[No Variations]"
Change component parameters (AddParameter): Name = "PackageDescription"; Value = "Chip Resistor"; VariantName = "[No Variations]"
Change component parameters (AddParameter): Name = "PackageReference"; Value = "0603"; VariantName = "[No Variations]"
Change component parameters (AddParameter): Name = "Value"; Value = "46.8k"; VariantName = "[No Variations]"
Change component parameters: Designator = "R9"; Footprint = "SMD-0603C"; UniqueID = "\QYPRNQMS\DOLNUPXM"
Change component parameters. Clean all parameters for all variants
Change component parameters (AddParameter): Name = "MF"; Value = "STD"; VariantName = "[No Variations]"
Change component parameters (AddParameter): Name = "MP"; Value = "STD"; VariantName = "[No Variations]"
Change component parameters (AddParameter): Name = "PackageDescription"; Value = "Chip Resistor"; VariantName = "[No Variations]"
Change component parameters (AddParameter): Name = "PackageReference"; Value = "0603"; VariantName = "[No Variations]"
Change component parameters (AddParameter): Name = "Value"; Value = "1.5k"; VariantName = "[No Variations]"
Change component parameters: Designator = "R10"; Footprint = "SMD-0603C"; UniqueID = "\QYPRNQMS\AQDUNPBQ"
Change component parameters. Clean all parameters for all variants
Change component parameters (AddParameter): Name = "MF"; Value = "STD"; VariantName = "[No Variations]"
Change component parameters (AddParameter): Name = "MP"; Value = "STD"; VariantName = "[No Variations]"
Change component parameters (AddParameter): Name = "PackageDescription"; Value = "Chip Resistor"; VariantName = "[No Variations]"
Change component parameters (AddParameter): Name = "PackageReference"; Value = "0603"; VariantName = "[No Variations]"
Change component parameters (AddParameter): Name = "Value"; Value = "1.5k"; VariantName = "[No Variations]"
Change component parameters: Designator = "R14"; Footprint = "SMD-0603C"; UniqueID = "\KKRQEXHJ\CWHNLXGN"
Change component parameters. Clean all parameters for all variants
Change component parameters (AddParameter): Name = "MF"; Value = "STD"; VariantName = "[No Variations]"
Change component parameters (AddParameter): Name = "MP"; Value = "STD"; VariantName = "[No Variations]"
Change component parameters (AddParameter): Name = "PackageDescription"; Value = "Chip Resistor"; VariantName = "[No Variations]"
Change component parameters (AddParameter): Name = "PackageReference"; Value = "0603"; VariantName = "[No Variations]"
Change component parameters (AddParameter): Name = "Value"; Value = "1"; VariantName = "[No Variations]"
Change component parameters: Designator = "R15"; Footprint = "SMD-0603C"; UniqueID = "\KKRQEXHJ\JOGUAKYF"
Change component parameters. Clean all parameters for all variants
Change component parameters (AddParameter): Name = "MF"; Value = "STD"; VariantName = "[No Variations]"
Change component parameters (AddParameter): Name = "MP"; Value = "STD"; VariantName = "[No Variations]"
Change component parameters (AddParameter): Name = "PackageDescription"; Value = "Chip Resistor"; VariantName = "[No Variations]"
Change component parameters (AddParameter): Name = "PackageReference"; Value = "0603"; VariantName = "[No Variations]"
Change component parameters (AddParameter): Name = "Value"; Value = "100"; VariantName = "[No Variations]"
Change component parameters: Designator = "R16"; Footprint = "SMD-0603C"; UniqueID = "\LOOIIVTV\CARPDWQD"
Change component parameters. Clean all parameters for all variants
Change component parameters (AddParameter): Name = "MF"; Value = "STD"; VariantName = "[No Variations]"
Change component parameters (AddParameter): Name = "MP"; Value = "STD"; VariantName = "[No Variations]"
Change component parameters (AddParameter): Name = "PackageDescription"; Value = "Chip Resistor"; VariantName = "[No Variations]"
Change component parameters (AddParameter): Name = "PackageReference"; Value = "0603"; VariantName = "[No Variations]"
Change component parameters (AddParameter): Name = "Value"; Value = "10K"; VariantName = "[No Variations]"
Change component parameters: Designator = "R17"; Footprint = "SMD-0603C"; UniqueID = "\LOOIIVTV\YYVCEVOS"
Change component parameters. Clean all parameters for all variants
Change component parameters (AddParameter): Name = "MF"; Value = "STD"; VariantName = "[No Variations]"
Change component parameters (AddParameter): Name = "MP"; Value = "STD"; VariantName = "[No Variations]"
Change component parameters (AddParameter): Name = "PackageDescription"; Value = "Chip Resistor"; VariantName = "[No Variations]"
Change component parameters (AddParameter): Name = "PackageReference"; Value = "0603"; VariantName = "[No Variations]"
Change component parameters (AddParameter): Name = "Value"; Value = "10K"; VariantName = "[No Variations]"
Change component parameters: Designator = "R19"; Footprint = "SMD-0603C"; UniqueID = "\HRNQDNRE\FLSHSVYX"
Change component parameters. Clean all parameters for all variants
Change component parameters (AddParameter): Name = "MF"; Value = "STD"; VariantName = "[No Variations]"
Change component parameters (AddParameter): Name = "MP"; Value = "STD"; VariantName = "[No Variations]"
Change component parameters (AddParameter): Name = "PackageDescription"; Value = "Chip Resistor"; VariantName = "[No Variations]"
Change component parameters (AddParameter): Name = "PackageReference"; Value = "0603"; VariantName = "[No Variations]"
Change component parameters (AddParameter): Name = "Value"; Value = "47"; VariantName = "[No Variations]"
Change component parameters: Designator = "R20"; Footprint = "SMD-0603C"; UniqueID = "\HRNQDNRE\FQGNXEXQ"
Change component parameters. Clean all parameters for all variants
Change component parameters (AddParameter): Name = "MF"; Value = "STD"; VariantName = "[No Variations]"
Change component parameters (AddParameter): Name = "MP"; Value = "STD"; VariantName = "[No Variations]"
Change component parameters (AddParameter): Name = "PackageDescription"; Value = "Chip Resistor"; VariantName = "[No Variations]"
Change component parameters (AddParameter): Name = "PackageReference"; Value = "0603"; VariantName = "[No Variations]"
Change component parameters (AddParameter): Name = "Value"; Value = "47"; VariantName = "[No Variations]"
Change component parameters: Designator = "C4"; Footprint = "SMD-0805C"; UniqueID = "\QYPRNQMS\GBCARIVY"
Change component parameters. Clean all parameters for all variants
Change component parameters (AddParameter): Name = "Digikey link"; Value = "https://www.digikey.com/product-detail/en/tdk-corporation/C2012X6S0J106K085AC/445-7617-1-ND/2733689"; VariantName = "[No Variations]"
Change component parameters (AddParameter): Name = "Digikey part number"; Value = "445-7617-1-ND"; VariantName = "[No Variations]"
Change component parameters (AddParameter): Name = "MF"; Value = "TDK Corporation"; VariantName = "[No Variations]"
Change component parameters (AddParameter): Name = "MP"; Value = "C2012X6S0J106K085AC"; VariantName = "[No Variations]"
Change component parameters (AddParameter): Name = "PackageDescription"; Value = "Chip Capacitor"; VariantName = "[No Variations]"
Change component parameters (AddParameter): Name = "PackageReference"; Value = "C1206"; VariantName = "[No Variations]"
Change component parameters (AddParameter): Name = "Value"; Value = "10uF"; VariantName = "[No Variations]"
Change component parameters: Designator = "C5"; Footprint = "SMD-0805C"; UniqueID = "\QYPRNQMS\SIRLODQS"
Change component parameters. Clean all parameters for all variants
Change component parameters (AddParameter): Name = "Digikey link"; Value = "https://www.digikey.com/product-detail/en/tdk-corporation/C2012X6S0J106K085AC/445-7617-1-ND/2733689"; VariantName = "[No Variations]"
Change component parameters (AddParameter): Name = "Digikey part number"; Value = "445-7617-1-ND"; VariantName = "[No Variations]"
Change component parameters (AddParameter): Name = "MF"; Value = "TDK Corporation"; VariantName = "[No Variations]"
Change component parameters (AddParameter): Name = "MP"; Value = "C2012X6S0J106K085AC"; VariantName = "[No Variations]"
Change component parameters (AddParameter): Name = "PackageDescription"; Value = "Chip Capacitor"; VariantName = "[No Variations]"
Change component parameters (AddParameter): Name = "PackageReference"; Value = "C1206"; VariantName = "[No Variations]"
Change component parameters (AddParameter): Name = "Value"; Value = "10uF"; VariantName = "[No Variations]"
Change component parameters: Designator = "C6"; Footprint = "SMD-0805C"; UniqueID = "\QYPRNQMS\TNFLQBAR"
Change component parameters. Clean all parameters for all variants
Change component parameters (AddParameter): Name = "Digikey link"; Value = "https://www.digikey.com/product-detail/en/tdk-corporation/C2012X6S0J106K085AC/445-7617-1-ND/2733689"; VariantName = "[No Variations]"
Change component parameters (AddParameter): Name = "Digikey part number"; Value = "445-7617-1-ND"; VariantName = "[No Variations]"
Change component parameters (AddParameter): Name = "MF"; Value = "TDK Corporation"; VariantName = "[No Variations]"
Change component parameters (AddParameter): Name = "MP"; Value = "C2012X6S0J106K085AC"; VariantName = "[No Variations]"
Change component parameters (AddParameter): Name = "PackageDescription"; Value = "Chip Capacitor"; VariantName = "[No Variations]"
Change component parameters (AddParameter): Name = "PackageReference"; Value = "C1206"; VariantName = "[No Variations]"
Change component parameters (AddParameter): Name = "Value"; Value = "10uF"; VariantName = "[No Variations]"
Change component parameters: Designator = "C9"; Footprint = "SMD-1210C"; UniqueID = "\QYPRNQMS\XJLDIFBP"
Change component parameters. Clean all parameters for all variants
Change component parameters (AddParameter): Name = "Digikey link"; Value = "https://www.digikey.com/product-detail/en/murata-electronics/GCJ32ER71C226KE01L/490-10560-1-ND/5030051"; VariantName = "[No Variations]"
Change component parameters (AddParameter): Name = "Digikey part number"; Value = "490-10560-1-ND"; VariantName = "[No Variations]"
Change component parameters (AddParameter): Name = "MF"; Value = "MuRata"; VariantName = "[No Variations]"
Change component parameters (AddParameter): Name = "MP"; Value = "GCJ32ER71C226KE01"; VariantName = "[No Variations]"
Change component parameters (AddParameter): Name = "PackageDescription"; Value = "Chip Capacitor"; VariantName = "[No Variations]"
Change component parameters (AddParameter): Name = "PackageReference"; Value = "1210"; VariantName = "[No Variations]"
Change component parameters (AddParameter): Name = "Temp"; Value = "X7R"; VariantName = "[No Variations]"
Change component parameters (AddParameter): Name = "Tolorance"; Value = "10%"; VariantName = "[No Variations]"
Change component parameters (AddParameter): Name = "Type"; Value = "ceramic"; VariantName = "[No Variations]"
Change component parameters (AddParameter): Name = "Value"; Value = "22uF"; VariantName = "[No Variations]"
Change component parameters (AddParameter): Name = "Voltage"; Value = "16"; VariantName = "[No Variations]"
Change component parameters: Designator = "C10"; Footprint = "SMD-1210C"; UniqueID = "\QYPRNQMS\CDNFEBSK"
Change component parameters. Clean all parameters for all variants
Change component parameters (AddParameter): Name = "Digikey link"; Value = "https://www.digikey.com/product-detail/en/murata-electronics/GCJ32ER71C226KE01L/490-10560-1-ND/5030051"; VariantName = "[No Variations]"
Change component parameters (AddParameter): Name = "Digikey part number"; Value = "490-10560-1-ND"; VariantName = "[No Variations]"
Change component parameters (AddParameter): Name = "MF"; Value = "MuRata"; VariantName = "[No Variations]"
Change component parameters (AddParameter): Name = "MP"; Value = "GCJ32ER71C226KE01"; VariantName = "[No Variations]"
Change component parameters (AddParameter): Name = "PackageDescription"; Value = "Chip Capacitor"; VariantName = "[No Variations]"
Change component parameters (AddParameter): Name = "PackageReference"; Value = "1210"; VariantName = "[No Variations]"
Change component parameters (AddParameter): Name = "Temp"; Value = "X7R"; VariantName = "[No Variations]"
Change component parameters (AddParameter): Name = "Tolorance"; Value = "10%"; VariantName = "[No Variations]"
Change component parameters (AddParameter): Name = "Type"; Value = "ceramic"; VariantName = "[No Variations]"
Change component parameters (AddParameter): Name = "Value"; Value = "22uF"; VariantName = "[No Variations]"
Change component parameters (AddParameter): Name = "Voltage"; Value = "16"; VariantName = "[No Variations]"
Change component parameters: Designator = "C8"; Footprint = "SMD-0603C"; UniqueID = "\QYPRNQMS\LNBVLCAS"
Change component parameters. Clean all parameters for all variants
Change component parameters (AddParameter): Name = "Digikey link"; Value = "https://www.digikey.com/product-detail/en/murata-electronics/GRM1885C1H121JA01D/490-1429-1-ND/587648"; VariantName = "[No Variations]"
Change component parameters (AddParameter): Name = "Digikey pary number"; Value = "490-1429-1-ND"; VariantName = "[No Variations]"
Change component parameters (AddParameter): Name = "MF"; Value = "Murata Electronics"; VariantName = "[No Variations]"
Change component parameters (AddParameter): Name = "MP"; Value = "GRM1885C1H121JA01D"; VariantName = "[No Variations]"
Change component parameters (AddParameter): Name = "PackageDescription"; Value = "Chip Capacitor"; VariantName = "[No Variations]"
Change component parameters (AddParameter): Name = "PackageReference"; Value = "C1206"; VariantName = "[No Variations]"
Change component parameters (AddParameter): Name = "Tolorance"; Value = "5%"; VariantName = "[No Variations]"
Change component parameters (AddParameter): Name = "Value"; Value = "120uF"; VariantName = "[No Variations]"
Change component parameters (AddParameter): Name = "Voltage"; Value = "50"; VariantName = "[No Variations]"
Change component parameters: Designator = "R12"; Footprint = "SMD-0805-RES"; UniqueID = "\QYPRNQMS\LMVXHQFN"
Change component parameters. Clean all parameters for all variants
Change component parameters (AddParameter): Name = "Digikey link"; Value = "https://www.digikey.com/product-detail/en/panasonic-electronic-components/ERJ-6ENF1003V/P100KCCT-ND/119551"; VariantName = "[No Variations]"
Change component parameters (AddParameter): Name = "Digikey part number"; Value = "P453KCCT-ND"; VariantName = "[No Variations]"
Change component parameters (AddParameter): Name = "MF"; Value = "Panasonic Electronic Components"; VariantName = "[No Variations]"
Change component parameters (AddParameter): Name = "MP"; Value = "ERJ-6ENF4533V"; VariantName = "[No Variations]"
Change component parameters (AddParameter): Name = "PackageDescription"; Value = "Chip Resistor"; VariantName = "[No Variations]"
Change component parameters (AddParameter): Name = "PackageReference"; Value = "0805"; VariantName = "[No Variations]"
Change component parameters (AddParameter): Name = "Power"; Value = "1/8W"; VariantName = "[No Variations]"
Change component parameters (AddParameter): Name = "Tolorance"; Value = "1%"; VariantName = "[No Variations]"
Change component parameters (AddParameter): Name = "Value"; Value = "453K"; VariantName = "[No Variations]"
Change component parameters: Designator = "R13"; Footprint = "SMD-0805-RES"; UniqueID = "\QYPRNQMS\VWTCXYJL"
Change component parameters. Clean all parameters for all variants
Change component parameters (AddParameter): Name = "Digikey link"; Value = "https://www.digikey.com/product-detail/en/panasonic-electronic-components/ERJ-6ENF1003V/P100KCCT-ND/119551"; VariantName = "[No Variations]"
Change component parameters (AddParameter): Name = "Digikey part number"; Value = "P100KCCT-ND"; VariantName = "[No Variations]"
Change component parameters (AddParameter): Name = "MF"; Value = "Panasonic Electronic Components"; VariantName = "[No Variations]"
Change component parameters (AddParameter): Name = "MP"; Value = "ERJ-6ENF1003V"; VariantName = "[No Variations]"
Change component parameters (AddParameter): Name = "PackageDescription"; Value = "Chip Resistor"; VariantName = "[No Variations]"
Change component parameters (AddParameter): Name = "PackageReference"; Value = "0805"; VariantName = "[No Variations]"
Change component parameters (AddParameter): Name = "Power"; Value = "1/8W"; VariantName = "[No Variations]"
Change component parameters (AddParameter): Name = "Tolorance"; Value = "1%"; VariantName = "[No Variations]"
Change component parameters (AddParameter): Name = "Value"; Value = "100K"; VariantName = "[No Variations]"
Added Pin To Net: NetName=3.3V Pin=C26-1
Added Pin To Net: NetName=GND Pin=C26-2
Added Pin To Net: NetName=3.3V Pin=C27-1
Added Pin To Net: NetName=GND Pin=C27-2
Added Pin To Net: NetName=NetC28_2 Pin=C28-1
Added Pin To Net: NetName=GND Pin=C28-2
Added Pin To Net: NetName=3.3V Pin=C29-1
Added Pin To Net: NetName=GND Pin=C29-2
Added Pin To Net: NetName=3.3V Pin=C30-1
Added Pin To Net: NetName=GND Pin=C30-2
Added Pin To Net: NetName=3.3V Pin=C31-1
Added Pin To Net: NetName=GND Pin=C31-2
Added Pin To Net: NetName=3.3V Pin=C32-1
Added Pin To Net: NetName=GND Pin=C32-2
Added Pin To Net: NetName=3.3V Pin=C33-1
Added Pin To Net: NetName=GND Pin=C33-2
Added Pin To Net: NetName=3.3V Pin=C34-1
Added Pin To Net: NetName=GND Pin=C34-2
Added Pin To Net: NetName=3.3V Pin=R16-1
Added Pin To Net: NetName=ACC_SCL Pin=R16-2
Added Pin To Net: NetName=3.3V Pin=R17-1
Added Pin To Net: NetName=ACC_SDA Pin=R17-2
Added Pin To Net: NetName=3.3V Pin=R18-2
Added Pin To Net: NetName=GPS_TX Pin=R19-1
Added Pin To Net: NetName=NetR19_1 Pin=R19-2
Added Pin To Net: NetName=GPS_RX Pin=R20-1
Added Pin To Net: NetName=NetR20_1 Pin=R20-2
Change Net Name : Old Net Name=NetC28_2 New Net Name=NetC28_1
Change Net Name : Old Net Name=NetR19_1 New Net Name=NetR19_2
Change Net Name : Old Net Name=NetR20_1 New Net Name=NetR20_2
Added Pin To Net: NetName=NetR18_1 Pin=R18-1
Added Pin To Net: NetName=NetR18_1 Pin=U5-7
Added Net: Name=NetR18_1
Added Member To Class: ClassName=LTE module Member=Component C34 
Added Member To Class: ClassName=Accelerometer Member=Component R18 
Added Member To Class: ClassName=GPS module Member=Component R20 
