Removed Pin From Net: NetName=NetR25_1 Pin=U4-5
Removed Pin From Net: NetName=NetR26_1 Pin=U4-6
Removed Pin From Net: NetName=NetR27_1 Pin=U4-7
Removed Pin From Net: NetName=NetR28_1 Pin=U4-8
Removed Pin From Net: NetName=NetR20_1 Pin=U4-10
Removed Pin From Net: NetName=NetR19_1 Pin=U4-20
Removed Pin From Net: NetName=FALL_INT Pin=U4-46
Removed Pin From Net: NetName=ACC_SDA Pin=U4-47
Removed Pin From Net: NetName=ACC_SCL Pin=U4-48
Removed Member From Class: ClassName=MCU Member=R30
Added Pin To Net: NetName=NetR28_1 Pin=U4-5
Added Pin To Net: NetName=NetR27_1 Pin=U4-6
Added Pin To Net: NetName=NetR20_1 Pin=U4-7
Added Pin To Net: NetName=NetR19_1 Pin=U4-8
Added Pin To Net: NetName=FALL_INT Pin=U4-19
Added Pin To Net: NetName=ACC_SCL Pin=U4-20
Added Pin To Net: NetName=ACC_SDA Pin=U4-21
Added Pin To Net: NetName=NetR26_1 Pin=U4-25
Added Pin To Net: NetName=NetR25_1 Pin=U4-26
Added Member To Class: ClassName=MCU Member=Component R25 0603R NC
