Change Component Footprint: Designator=C3 Old Footprint=CAPR5-4X5 New Footprint=SMD-1210C
Change Component Footprint: Designator=R1 Old Footprint=J1-0603 New Footprint=SMD-0805-RES
Change Component Footprint: Designator=R2 Old Footprint=J1-0603 New Footprint=SMD-0805-RES
Change Component Footprint: Designator=R3 Old Footprint=J1-0603 New Footprint=SMD-0805-RES
Change Component Footprint: Designator=R4 Old Footprint=J1-0603 New Footprint=SMD-0805-RES
Change Component Footprint: Designator=R11 Old Footprint=J1-0603 New Footprint=SMD-0805-RES
Change Component Footprint: Designator=R12 Old Footprint=J1-0603 New Footprint=SMD-0805-RES
Change Component Footprint: Designator=R13 Old Footprint=J1-0603 New Footprint=SMD-0805-RES
Change Component Footprint: Designator=C31 Old Footprint=SMD-0603C New Footprint=SMD-0603-RES
Change Component Footprint: Designator=R5 Old Footprint=SMD-0603C New Footprint=SMD-0603-RES
Change Component Footprint: Designator=R6 Old Footprint=SMD-0603C New Footprint=SMD-0603-RES
Change Component Footprint: Designator=R7 Old Footprint=SMD-0603C New Footprint=SMD-0603-RES
Change Component Footprint: Designator=R8 Old Footprint=SMD-0603C New Footprint=SMD-0603-RES
Change Component Footprint: Designator=R9 Old Footprint=SMD-0603C New Footprint=SMD-0603-RES
Change Component Footprint: Designator=R10 Old Footprint=SMD-0603C New Footprint=SMD-0603-RES
Change Component Footprint: Designator=R15 Old Footprint=SMD-0603C New Footprint=SMD-0603-RES
Change Component Footprint: Designator=R16 Old Footprint=SMD-0603C New Footprint=SMD-0603-RES
Change Component Footprint: Designator=R17 Old Footprint=SMD-0603C New Footprint=SMD-0603-RES
Change Component Footprint: Designator=R18 Old Footprint=SMD-0603C New Footprint=SMD-0603-RES
Change Component Footprint: Designator=R19 Old Footprint=SMD-0603C New Footprint=SMD-0603-RES
Change Component Footprint: Designator=R20 Old Footprint=SMD-0603C New Footprint=SMD-0603-RES
Change Component Footprint: Designator=C4 Old Footprint=SMD-0805C New Footprint=SMD-1206C
Change component parameters: Designator = "C8"; Footprint = "SMD-0603C"; UniqueID = "\QYPRNQMS\LNBVLCAS"
Change component parameters. Clean all parameters for all variants
Change component parameters (AddParameter): Name = "Digikey link"; Value = "https://www.digikey.com/product-detail/en/murata-electronics/GRM1885C1H121JA01D/490-1429-1-ND/587648"; VariantName = "[No Variations]"
Change component parameters (AddParameter): Name = "Digikey pary number"; Value = "490-1429-1-ND"; VariantName = "[No Variations]"
Change component parameters (AddParameter): Name = "MF"; Value = "Murata Electronics"; VariantName = "[No Variations]"
Change component parameters (AddParameter): Name = "MP"; Value = "GRM1885C1H121JA01D"; VariantName = "[No Variations]"
Change component parameters (AddParameter): Name = "PackageDescription"; Value = "Chip Capacitor"; VariantName = "[No Variations]"
Change component parameters (AddParameter): Name = "PackageReference"; Value = "0603"; VariantName = "[No Variations]"
Change component parameters (AddParameter): Name = "Tolorance"; Value = "5%"; VariantName = "[No Variations]"
Change component parameters (AddParameter): Name = "Value"; Value = "120uF"; VariantName = "[No Variations]"
Change component parameters (AddParameter): Name = "Voltage"; Value = "50"; VariantName = "[No Variations]"
Change component parameters: Designator = "R11"; Footprint = "SMD-0805-RES"; UniqueID = "\QYPRNQMS\BXEGHFMA"
Change component parameters. Clean all parameters for all variants
Change component parameters (AddParameter): Name = "Digikey link"; Value = "https://www.digikey.com/product-detail/en/susumu/RR1220P-104-D/RR12P100KDCT-ND/432878"; VariantName = "[No Variations]"
Change component parameters (AddParameter): Name = "Digikey part number"; Value = "RR12P100KDCT-ND"; VariantName = "[No Variations]"
Change component parameters (AddParameter): Name = "Manufacturer"; Value = "Standard"; VariantName = "[No Variations]"
Change component parameters (AddParameter): Name = "MF"; Value = "Susumu"; VariantName = "[No Variations]"
Change component parameters (AddParameter): Name = "MP"; Value = "RR1220P-104-D"; VariantName = "[No Variations]"
Change component parameters (AddParameter): Name = "PackageDescription"; Value = "Chip Resistor"; VariantName = "[No Variations]"
Change component parameters (AddParameter): Name = "PackageReference"; Value = "0805"; VariantName = "[No Variations]"
Change component parameters (AddParameter): Name = "Power"; Value = "100mW"; VariantName = "[No Variations]"
Change component parameters (AddParameter): Name = "Tolorance"; Value = "0.1%"; VariantName = "[No Variations]"
Change component parameters (AddParameter): Name = "Value"; Value = "100K"; VariantName = "[No Variations]"
Change component parameters: Designator = "C4"; Footprint = "SMD-1206C"; UniqueID = "\QYPRNQMS\GBCARIVY"
Change component parameters. Clean all parameters for all variants
Change component parameters (AddParameter): Name = "Digikey link"; Value = "https://www.digikey.com/product-detail/en/tdk-corporation/C2012X6S0J106K085AC/445-7617-1-ND/2733689"; VariantName = "[No Variations]"
Change component parameters (AddParameter): Name = "Digikey part number"; Value = "445-7617-1-ND"; VariantName = "[No Variations]"
Change component parameters (AddParameter): Name = "MF"; Value = "TDK Corporation"; VariantName = "[No Variations]"
Change component parameters (AddParameter): Name = "MP"; Value = "C2012X6S0J106K085AC"; VariantName = "[No Variations]"
Change component parameters (AddParameter): Name = "PackageDescription"; Value = "Chip Capacitor"; VariantName = "[No Variations]"
Change component parameters (AddParameter): Name = "PackageReference"; Value = "C1206"; VariantName = "[No Variations]"
Change component parameters (AddParameter): Name = "Value"; Value = "10u"; VariantName = "[No Variations]"
Change component parameters: Designator = "C5"; Footprint = "SMD-0805C"; UniqueID = "\QYPRNQMS\SIRLODQS"
Change component parameters. Clean all parameters for all variants
Change component parameters (AddParameter): Name = "Digikey link"; Value = "https://www.digikey.com/product-detail/en/tdk-corporation/C2012X6S0J106K085AC/445-7617-1-ND/2733689"; VariantName = "[No Variations]"
Change component parameters (AddParameter): Name = "Digikey part number"; Value = "445-7617-1-ND"; VariantName = "[No Variations]"
Change component parameters (AddParameter): Name = "MF"; Value = "TDK Corporation"; VariantName = "[No Variations]"
Change component parameters (AddParameter): Name = "MP"; Value = "C2012X6S0J106K085AC"; VariantName = "[No Variations]"
Change component parameters (AddParameter): Name = "PackageDescription"; Value = "Chip Capacitor"; VariantName = "[No Variations]"
Change component parameters (AddParameter): Name = "PackageReference"; Value = "0805"; VariantName = "[No Variations]"
Change component parameters (AddParameter): Name = "Value"; Value = "10u"; VariantName = "[No Variations]"
Change component parameters: Designator = "C6"; Footprint = "SMD-0805C"; UniqueID = "\QYPRNQMS\XRKBLEAH"
Change component parameters. Clean all parameters for all variants
Change component parameters (AddParameter): Name = "Digikey link"; Value = "https://www.digikey.com/product-detail/en/tdk-corporation/C2012X6S0J106K085AC/445-7617-1-ND/2733689"; VariantName = "[No Variations]"
Change component parameters (AddParameter): Name = "Digikey part number"; Value = "445-7617-1-ND"; VariantName = "[No Variations]"
Change component parameters (AddParameter): Name = "MF"; Value = "TDK Corporation"; VariantName = "[No Variations]"
Change component parameters (AddParameter): Name = "MP"; Value = "C2012X6S0J106K085AC"; VariantName = "[No Variations]"
Change component parameters (AddParameter): Name = "PackageDescription"; Value = "Chip Capacitor"; VariantName = "[No Variations]"
Change component parameters (AddParameter): Name = "PackageReference"; Value = "0805"; VariantName = "[No Variations]"
Change component parameters (AddParameter): Name = "Value"; Value = "10u"; VariantName = "[No Variations]"
Added Pin To Net: NetName=3.3V Pin=C26-1
Added Pin To Net: NetName=GND Pin=C26-2
Added Pin To Net: NetName=3.3V Pin=C27-1
Added Pin To Net: NetName=GND Pin=C27-2
Added Pin To Net: NetName=NetC28_1 Pin=C28-1
Added Pin To Net: NetName=GND Pin=C28-2
Added Pin To Net: NetName=3.3V Pin=C29-1
Added Pin To Net: NetName=GND Pin=C29-2
Added Pin To Net: NetName=3.3V Pin=C30-1
Added Pin To Net: NetName=GND Pin=C30-2
Added Pin To Net: NetName=3.3V Pin=C31-1
Added Pin To Net: NetName=GND Pin=C31-2
Added Pin To Net: NetName=3.3V Pin=C32-1
Added Pin To Net: NetName=GND Pin=C32-2
Added Pin To Net: NetName=3.3V Pin=C33-1
Added Pin To Net: NetName=GND Pin=C33-2
Added Pin To Net: NetName=3.3V Pin=R16-1
Added Pin To Net: NetName=ACC_SCL Pin=R16-2
Added Pin To Net: NetName=3.3V Pin=R17-1
Added Pin To Net: NetName=ACC_SDA Pin=R17-2
Added Pin To Net: NetName=NetR18_1 Pin=R18-1
Added Pin To Net: NetName=3.3V Pin=R18-2
Added Pin To Net: NetName=GPS_TX Pin=R19-1
Added Pin To Net: NetName=NetR19_2 Pin=R19-2
Added Pin To Net: NetName=GPS_RX Pin=R20-1
Added Pin To Net: NetName=NetR20_2 Pin=R20-2
